5
75
58
46
25
19
100
14 99
74 21
74 99
21 28
21 55
21 57
21 93
21 9
21 27
21 45
21 56
21 92
21 35
21 62
21 71
21 82
21 91
21 23
21 15
21 34
21 4
21 72
21 22
21 24
21 42
21 69
21 78
21 80
21 89
21 12
21 30
21 39
21 41
21 50
21 59
21 68
21 77
21 97
21 3
21 38
21 76
21 8
21 96
21 18
28 99
8 99
63 99
29 99
44 99
92 99
2 99
2 47
41 99
57 99
30 99
17 99
42 99
88 99
98 99
97 99
0 99
55 99
60 99
81 99
23 99
45 99
77 99
77 47
94 99
94 47
53 99
35 99
22 99
37 99
89 99
66 99
66 47
93 99
96 99
11 99
84 99
33 99
9 99
47 31
47 49
49 99
52 99
86 99
85 99
65 99
16 99
79 99
31 99
82 99
18 99
51 99
80 99
56 99
61 99
99 39
