5
35
33
22
29
15
100
0 21
0 99
82 58
65 99
41 99
41 21
40 58
19 99
19 21
80 99
26 99
3 99
3 58
66 58
66 21
42 21
42 58
14 58
5 21
32 58
30 99
30 58
13 58
68 99
85 99
25 58
98 58
7 58
7 99
92 58
92 21
2 99
2 58
59 58
36 99
84 58
87 99
75 58
17 21
17 99
17 58
79 99
10 99
10 21
52 99
77 58
77 99
54 99
38 99
38 21
21 6
21 16
21 20
21 67
21 23
21 37
21 53
21 55
21 71
21 76
21 78
21 86
21 88
21 89
21 94
58 20
58 23
58 48
58 53
58 56
58 55
58 67
58 60
58 99
58 93
58 96
99 4
99 6
99 12
99 20
99 23
99 31
99 37
99 43
99 44
99 48
99 51
99 53
99 57
99 67
99 74
99 83
99 86
99 89
99 90
99 93
99 96
99 71
99 88
99 55
