5
35
36
38
53
54
100
0 7
0 8
1 27
1 28
1 29
2 28
2 29
3 29
4 7
4 8
5 8
5 9
6 8
6 9
6 10
7 9
7 10
7 11
8 9
8 11
8 12
9 12
9 13
10 11
10 12
10 13
10 14
11 12
11 13
11 15
12 13
12 16
12 30
13 14
13 17
13 30
14 15
14 16
14 18
15 16
15 17
15 18
15 19
16 17
16 18
16 20
17 18
17 19
17 20
17 21
18 21
18 22
18 30
19 20
19 21
19 22
19 23
20 22
20 23
20 24
21 22
21 24
21 25
22 25
22 26
23 24
23 25
23 26
23 27
24 25
24 26
24 28
25 26
25 27
26 27
26 29
27 28
27 30
28 29
28 30
29 30
32 37
32 40
33 47
37 42
40 39
40 46
39 42
42 43
42 47
47 43
47 46
46 52
43 44
52 48
49 55
56 57
56 58
57 58
59 60
