5
6
53
3
15
29
100
0 58
0 76
25 13
26 76
37 11
37 42
37 65
52 62
52 99
58 11
58 22
58 31
58 39
58 50
58 65
58 89
76 18
76 43
76 48
76 71
76 84
1 12
1 45
1 66
1 86
1 88
1 94
42 4
42 11
42 47
42 55
42 78
42 80
66 11
66 23
66 56
66 68
66 69
72 23
72 35
72 68
72 81
72 86
72 88
86 65
88 73
94 9
94 65
94 81
94 82
2 65
43 96
51 73
56 96
65 4
65 24
65 30
65 59
65 77
65 80
11 16
11 47
16 20
16 50
16 64
16 67
16 87
59 73
59 99
99 4
99 7
99 38
99 50
99 62
99 90
5 13
20 23
41 23
70 62
79 73
90 73
13 8
13 23
13 30
13 44
13 46
13 96
54 62
89 23
8 73
23 33
23 74
24 73
73 28
73 92
28 62
62 71
62 84
36 96
96 64
