5
51
84
50
22
79
85
0 45
65 11
65 33
37 28
37 46
42 90
42 53
78 7
78 75
21 81
62 39
11 55
33 8
69 57
69 10
28 83
46 58
88 73
25 20
25 68
58 80
92 52
39 34
20 2
68 63
87 41
87 70
19 3
19 14
80 71
2 13
13 90
77 32
77 95
91 17
91 30
94 27
94 15
32 83
67 97
95 72
93 47
93 6
53 14
3 85
3 59
59 6
36 16
36 64
82 29
82 8
61 49
61 73
75 9
4 57
4 47
47 18
18 15
5 89
5 43
12 17
12 71
89 17
43 23
29 44
9 10
23 81
7 63
44 41
44 98
31 98
31 76
26 86
26 60
60 64
60 66
76 96
27 56
56 74
55 70
30 96
74 72
34 86
40 97
72 38
