5
9
31
33
11
97
100
27 99
37 99
37 89
18 38
21 99
91 55
15 55
73 89
19 55
19 38
98 38
95 99
34 99
8 99
8 89
54 99
54 38
99 71
99 48
99 62
99 44
99 56
99 67
99 16
99 36
99 86
99 51
99 53
99 47
99 89
99 92
99 58
99 84
99 25
99 1
99 87
99 75
99 17
99 94
99 28
99 49
49 38
59 38
10 38
56 38
56 89
36 38
28 55
7 55
45 38
2 38
52 89
71 55
26 55
89 55
89 83
89 17
89 16
89 68
89 42
89 67
89 92
89 79
89 80
89 41
89 77
89 50
89 82
89 61
62 38
48 38
40 55
40 38
5 55
16 55
16 38
69 38
1 55
47 38
47 55
4 55
96 55
38 86
38 46
38 65
38 6
38 29
38 23
38 13
38 39
82 55
55 61
55 17
55 78
55 64
55 68
55 60
55 53
55 39
55 46
