5
21
26
53
6
56
100
0 73
0 77
0 30
0 79
78 45
78 79
60 9
60 1
9 2
9 1
4 39
4 64
4 27
4 33
4 23
4 51
4 18
4 70
4 1
4 63
4 47
4 62
4 73
4 65
4 17
2 63
2 30
2 77
2 7
2 1
2 45
2 73
58 77
58 1
1 11
1 16
1 14
1 61
1 63
1 31
1 69
1 38
1 44
1 54
1 41
1 36
1 59
1 73
1 68
1 28
1 8
1 34
1 48
1 70
1 19
1 77
1 64
1 49
1 30
1 42
1 72
1 22
1 18
1 43
11 73
16 73
31 52
3 63
3 52
3 77
63 41
63 19
66 73
68 74
74 76
20 76
18 47
36 77
77 57
77 79
77 30
13 62
73 75
73 67
73 48
33 10
47 76
76 71
76 69
71 62
62 27
37 75
14 10
24 7
72 50
75 30
50 79
52 55
52 59
52 5
