5
48
60
85
66
90
100
0 99
1 24
26 24
6 99
19 24
69 99
98 99
84 24
84 99
37 16
37 24
37 99
58 99
63 24
92 24
92 99
57 24
99 3
99 5
99 8
99 15
99 20
99 23
99 25
99 29
99 30
99 31
99 43
99 45
99 49
99 50
99 52
99 54
99 56
99 59
99 65
99 67
99 71
99 72
99 74
99 75
99 76
99 77
99 78
99 79
99 80
99 82
99 83
99 87
99 88
99 89
99 93
99 94
99 97
5 24
18 24
9 24
12 24
14 24
22 24
23 24
25 24
30 24
34 24
39 16
67 24
94 24
91 24
10 24
79 24
28 24
24 17
24 21
24 68
24 70
24 32
24 42
24 55
24 80
24 56
24 82
24 54
24 65
24 50
24 89
24 36
24 41
24 52
24 73
24 76
24 78
24 81
24 86
83 16
74 16
81 16
16 54
16 46
16 64
16 87
