5
19
3
17
83
74
100
0 38
9 40
10 38
10 97
11 67
11 97
14 97
16 97
20 67
21 40
25 48
26 40
27 40
28 40
28 67
31 38
37 48
38 34
38 44
38 46
38 49
38 50
38 51
38 55
38 59
38 60
38 65
38 66
38 69
38 79
38 82
38 86
38 87
38 90
38 95
42 48
43 67
51 48
52 97
54 67
59 40
59 67
64 97
68 97
76 40
76 67
87 40
87 48
87 67
92 67
92 97
93 48
5 97
13 48
39 97
57 48
63 48
63 97
69 40
78 48
79 48
79 97
85 40
96 40
49 97
86 40
89 67
12 97
32 48
33 48
48 44
48 56
48 73
53 97
66 40
71 40
71 97
80 40
80 97
82 67
84 97
95 40
97 30
97 47
97 55
97 56
97 70
97 81
29 67
47 40
47 67
60 40
94 67
61 40
30 67
34 40
34 67
67 7
70 40
73 40
