5
56
84
93
13
83
100
0 99
1 74
1 99
2 74
3 74
3 99
6 99
8 99
9 99
12 74
12 99
14 74
14 99
15 99
16 99
18 74
18 99
19 99
20 99
21 74
21 99
22 74
23 74
23 99
27 99
30 74
31 99
32 99
33 99
34 74
34 99
35 74
38 74
38 99
39 99
40 74
40 99
41 74
41 99
43 74
44 99
45 99
46 99
48 99
49 99
50 74
51 74
51 99
54 74
57 74
59 74
59 99
60 74
60 99
61 99
63 99
64 74
64 99
65 99
66 74
66 99
67 74
67 99
68 99
71 99
72 74
73 99
77 74
80 74
80 99
81 74
82 99
85 99
86 99
89 99
90 99
91 99
94 74
94 99
96 99
98 74
98 99
99 4
99 7
99 10
99 11
99 24
99 25
99 28
99 29
99 37
99 42
99 52
99 58
99 75
99 78
99 79
99 87
99 88
99 97
