5
14
69
70
71
72
100
0 52
0 73
1 52
1 73
2 73
3 73
4 73
5 73
6 73
7 73
8 52
8 73
9 73
10 52
10 73
11 52
11 73
12 52
12 73
13 52
13 73
15 73
16 52
16 73
17 73
18 52
18 73
19 73
20 52
20 73
21 52
21 73
22 73
23 73
24 52
24 73
25 73
26 73
27 73
28 52
28 73
29 52
29 73
30 52
30 73
31 52
31 73
32 73
33 52
33 73
34 73
35 52
35 73
36 73
37 73
38 73
39 73
40 73
41 73
42 52
42 73
43 73
44 73
45 73
46 73
47 52
47 73
48 52
48 73
49 52
49 73
50 52
50 73
51 52
51 73
52 53
52 54
52 55
52 56
52 57
52 61
52 62
52 67
52 68
53 73
54 73
55 73
56 73
57 73
58 73
59 73
60 73
61 73
62 73
63 73
64 73
65 73
66 73
67 73
68 73
