5
80
93
11
49
38
100
0 64
0 85
10 64
10 13
10 85
12 18
12 64
17 13
26 52
34 64
43 13
53 64
54 52
54 99
57 13
57 85
64 20
64 21
64 22
64 33
64 39
64 48
64 55
64 60
64 70
64 76
64 82
66 85
66 99
67 99
85 9
85 15
85 24
85 29
85 30
85 32
85 41
85 44
85 46
85 50
85 78
85 87
85 89
85 91
85 92
85 94
89 99
3 13
5 52
15 99
22 52
37 18
42 52
50 18
70 99
83 13
86 52
2 52
75 13
81 18
18 7
18 20
18 21
18 31
18 32
18 71
18 88
18 94
52 16
52 29
52 31
52 39
52 40
52 45
52 48
52 60
52 62
52 71
52 73
52 78
52 90
55 99
88 99
13 6
13 7
13 32
13 44
13 59
13 73
13 76
13 78
13 95
13 99
8 99
21 99
74 99
32 99
36 99
48 99
99 63
