5
92
56
32
89
38
100
86 67
23 98
64 67
17 98
17 67
37 67
37 98
70 67
70 98
50 67
57 98
57 67
79 67
4 67
39 98
24 98
24 67
7 67
33 67
54 67
54 98
60 67
27 67
55 67
55 98
5 98
5 67
40 98
66 67
15 67
15 98
84 67
10 67
13 67
14 98
25 67
26 67
26 98
28 98
29 98
35 98
43 67
45 98
46 98
47 98
49 67
58 98
62 67
65 98
73 67
75 98
80 67
82 67
82 98
87 67
87 98
88 67
88 98
93 67
93 98
97 67
1 67
36 67
2 67
2 98
85 67
85 98
52 98
42 67
42 98
18 67
18 98
8 67
96 98
41 67
77 67
22 98
22 67
11 67
16 67
16 98
67 3
67 44
67 59
67 61
67 63
67 71
67 91
67 68
67 76
67 72
67 78
91 98
78 98
76 98
95 98
98 3
98 61
98 63
98 74
