5
44
25
87
41
81
100
0 89
0 66
89 14
89 39
89 46
89 4
17 46
38 21
38 59
38 70
38 3
38 99
2 30
30 7
30 8
85 48
3 29
29 9
71 39
71 95
4 72
4 77
4 19
72 62
72 67
72 69
72 9
72 11
72 80
72 97
77 24
5 9
98 34
98 61
88 31
88 19
88 60
6 31
7 58
31 76
58 49
58 46
19 75
18 52
18 13
18 60
10 66
66 91
66 78
11 51
11 64
11 14
11 16
51 45
51 67
51 94
51 75
51 82
64 13
64 90
12 63
12 20
79 43
13 37
37 91
15 99
15 56
99 26
99 35
99 73
99 97
99 80
60 73
52 82
52 23
75 23
20 27
28 62
22 53
39 90
53 62
53 68
23 97
26 55
78 62
78 80
62 83
62 70
62 96
69 68
69 43
32 50
33 82
33 49
34 56
36 42
57 47
42 67
47 83
70 74
