5
48
50
54
44
53
100
0 59
0 25
59 20
59 38
59 49
59 52
26 28
35 11
35 23
35 25
22 4
22 11
22 18
22 29
22 52
22 46
22 25
22 47
22 58
25 32
25 56
40 10
1 23
1 33
23 2
23 8
23 15
23 16
23 58
23 41
17 5
17 13
17 58
17 56
17 36
43 10
43 13
43 45
43 56
49 28
33 5
33 20
33 58
2 56
30 10
55 9
55 58
56 16
56 18
3 27
7 8
7 28
7 37
34 16
34 32
34 52
52 21
52 36
52 45
5 57
5 41
5 47
5 45
13 16
13 28
13 31
57 31
57 36
57 58
41 46
47 6
47 11
47 16
45 6
45 21
45 31
45 36
45 38
14 46
18 11
42 21
42 58
8 15
28 31
10 29
10 36
10 20
37 24
15 12
15 39
15 16
15 20
51 58
29 58
29 36
36 21
11 19
11 38
19 58
12 58
