5
57
69
86
28
9
100
0 92
3 92
56 1
56 99
60 99
73 21
82 21
92 5
92 7
92 13
92 24
92 33
92 36
92 53
92 67
92 72
92 79
92 84
92 88
92 95
92 96
95 1
95 42
1 6
1 8
1 13
1 30
1 71
1 77
1 78
1 97
8 23
42 10
42 12
42 22
42 24
42 27
42 31
42 39
42 40
42 44
42 58
42 72
42 80
42 85
78 21
97 23
2 25
2 46
2 62
2 94
5 17
5 23
10 17
23 17
23 20
23 26
23 33
23 35
23 38
23 63
23 66
23 80
23 81
25 21
46 17
46 21
63 17
64 17
64 99
74 99
90 17
22 17
36 21
66 21
67 17
4 17
4 21
14 17
17 26
17 40
17 47
17 50
17 52
17 53
17 55
17 84
17 85
17 91
17 96
21 38
21 50
21 76
21 83
59 99
7 99
99 48
99 52
99 58
99 96
