5
10
17
28
60
18
100
0 65
14 65
14 71
40 71
40 53
40 65
2 65
2 71
4 65
4 71
5 65
5 71
7 65
7 71
8 53
8 71
9 65
9 71
13 71
15 71
16 65
19 71
20 65
22 53
22 65
22 71
23 65
23 71
24 53
24 65
24 71
25 65
26 65
26 71
27 65
27 71
30 65
30 71
31 71
32 65
32 71
33 65
33 71
36 65
37 53
37 65
39 65
39 71
43 65
43 71
44 65
44 71
46 71
47 65
47 71
49 65
49 71
50 65
50 71
52 65
53 69
55 65
55 71
57 65
57 71
58 71
62 65
63 65
64 65
64 71
65 3
65 6
65 12
65 29
65 34
65 35
65 38
65 42
65 45
65 48
65 54
65 66
65 69
65 70
67 71
68 71
3 71
12 71
29 71
34 71
35 71
42 71
54 71
70 71
41 71
45 71
48 71
51 71
71 6
71 56
