5
22
55
34
95
71
100
37 99
33 99
33 85
16 99
81 99
81 85
23 99
59 85
74 99
77 85
77 99
82 99
47 99
47 85
91 85
45 99
7 99
17 85
17 99
32 99
97 99
56 85
56 99
48 99
48 85
88 85
43 99
43 85
83 85
31 85
63 99
63 85
76 85
76 99
6 99
19 99
19 85
73 85
89 99
30 99
30 85
49 85
49 99
80 99
24 99
98 99
36 99
78 99
39 85
39 99
21 99
65 99
65 85
52 99
52 85
79 99
57 99
1 99
1 85
20 99
90 99
26 99
87 99
61 85
96 99
60 99
94 99
15 99
84 99
84 85
86 99
93 85
5 99
2 85
54 99
72 99
51 85
51 99
50 99
18 85
18 99
99 3
99 4
99 8
99 9
99 13
99 14
99 25
99 27
99 28
99 40
99 46
99 64
99 67
99 69
99 92
92 85
46 85
8 85
85 9
