5
7
30
34
57
93
100
0 84
96 84
52 84
8 84
35 84
35 99
72 84
72 99
84 1
84 4
84 9
84 10
84 13
84 14
84 16
84 18
84 19
84 21
84 23
84 28
84 29
84 31
84 42
84 44
84 45
84 46
84 47
84 48
84 49
84 51
84 55
84 56
84 58
84 60
84 62
84 65
84 68
84 69
84 71
84 76
84 77
84 79
84 80
84 81
84 82
84 83
84 91
84 90
84 89
84 94
84 97
84 88
19 99
42 99
81 99
53 99
27 99
62 99
69 99
66 99
1 99
6 99
9 99
13 99
15 99
17 99
23 99
32 99
36 99
43 99
44 99
46 99
47 99
48 99
49 99
50 99
56 99
58 99
64 99
77 99
80 99
82 99
83 99
86 99
87 99
88 99
89 99
97 99
98 99
11 99
4 99
22 99
63 99
68 99
90 99
75 99
79 99
99 26
99 41
99 70
