5
59
98
40
87
85
100
0 63
64 5
29 3
63 6
63 17
63 28
63 34
63 41
63 44
63 55
63 89
63 91
63 70
63 75
63 88
16 24
10 44
10 55
6 44
32 7
1 11
19 86
11 53
11 79
11 27
15 13
71 3
91 86
58 24
39 5
39 7
39 24
39 95
56 55
2 23
27 47
12 62
23 9
23 79
23 60
23 75
23 90
50 44
51 62
66 95
34 7
3 70
3 38
3 48
3 9
55 8
55 13
55 38
55 41
55 82
55 79
55 97
55 88
88 7
88 42
88 48
88 81
88 97
48 44
9 95
4 13
4 5
4 24
13 17
13 92
13 25
13 44
13 73
13 41
13 89
13 33
5 14
5 83
5 18
93 7
33 7
33 24
33 95
35 24
24 36
24 67
24 65
24 94
96 81
83 99
44 37
44 42
7 8
7 82
7 31
8 47
8 62
62 37
95 60
72 86
