5
20
32
43
45
46
100
0 7
0 50
1 7
1 34
1 50
2 7
2 34
2 50
3 7
3 50
4 7
4 50
5 7
5 50
6 7
6 50
7 8
7 9
7 10
7 11
7 12
7 13
7 14
7 15
7 16
7 17
7 18
7 19
7 21
7 22
7 23
7 24
7 25
7 26
7 27
7 28
7 29
7 30
7 31
7 33
7 35
7 36
7 37
7 38
7 39
7 40
7 41
7 42
7 44
7 47
7 48
7 49
8 34
8 50
9 50
10 50
11 50
12 50
13 34
13 50
14 50
15 34
15 50
16 34
16 50
17 34
17 50
18 50
19 34
19 50
21 50
22 50
23 34
23 50
24 50
25 50
26 50
27 50
28 34
28 50
29 50
30 34
30 50
31 50
33 50
34 47
34 49
34 50
35 50
36 50
37 50
38 50
39 50
40 50
41 50
42 50
44 50
47 50
48 50
49 50
