5
17
3
16
32
81
100
0 7
0 20
0 22
6 7
6 8
6 11
6 20
6 34
7 1
7 4
7 5
7 8
7 10
7 12
7 14
7 18
7 19
7 21
7 35
7 38
7 41
7 43
7 44
7 46
7 51
7 61
7 62
7 65
7 70
7 78
7 79
7 88
9 8
9 11
10 8
10 11
12 89
13 34
15 8
15 22
18 8
18 22
18 34
20 4
20 40
20 55
20 63
21 99
22 8
22 25
22 27
22 33
22 45
22 56
22 58
22 69
22 86
22 96
23 8
23 34
24 8
62 8
65 34
67 8
70 8
83 8
1 11
1 89
11 4
11 39
11 44
11 55
33 47
39 34
42 8
42 34
60 8
61 89
78 8
88 8
89 73
2 8
8 4
8 5
8 19
8 34
8 43
8 47
8 49
8 54
8 56
8 59
8 64
8 73
8 76
54 34
34 43
34 48
34 56
34 76
