5
38
63
87
92
96
100
5 66
5 99
8 99
9 39
9 66
9 99
12 99
18 99
20 66
24 66
24 99
25 99
26 99
27 99
29 99
32 99
34 99
35 39
35 99
36 39
40 99
43 66
44 66
44 99
47 66
48 39
53 66
59 99
67 66
67 99
70 39
70 66
71 66
71 99
72 66
72 99
73 66
75 66
77 99
78 99
84 66
88 99
89 66
89 99
91 39
93 99
95 66
95 99
97 66
97 99
1 39
1 99
4 99
10 66
10 99
11 99
13 39
13 66
21 66
22 66
22 99
31 66
31 99
37 66
39 33
39 42
39 52
39 57
39 58
39 99
41 66
41 99
45 66
49 66
62 99
68 66
69 99
82 99
98 99
99 16
99 19
99 33
99 51
99 52
99 54
99 57
99 60
99 76
99 85
99 90
3 66
15 66
19 66
46 66
52 66
55 66
85 66
23 66
28 66
66 90
