5
2
30
84
25
65
100
69 93
24 19
24 81
5 19
73 81
73 19
54 81
54 93
55 81
55 93
55 19
80 81
80 19
46 81
46 19
4 81
4 93
14 93
14 19
6 19
76 93
76 19
3 81
3 19
45 19
12 81
26 81
26 93
62 93
91 81
16 81
16 19
18 81
43 93
27 81
27 19
93 82
93 92
93 81
93 23
93 42
93 70
93 59
93 11
93 52
93 8
93 28
93 22
93 57
93 41
93 21
93 66
93 77
93 86
93 90
93 39
70 81
70 19
38 81
38 19
90 81
67 19
23 81
48 81
19 49
19 92
19 13
19 8
19 85
19 63
19 22
19 17
19 66
19 41
19 15
19 33
19 83
19 72
19 39
19 28
19 29
11 52
74 81
31 81
81 49
81 92
81 64
81 59
81 77
81 17
81 85
81 10
81 37
81 33
81 44
52 13
52 66
52 29
52 86
52 53
