5
11
45
62
63
66
100
50 52
50 53
50 56
51 52
51 53
52 53
52 54
53 54
53 55
53 56
53 58
55 56
55 57
56 58
56 59
56 60
56 61
57 58
58 59
58 60
59 61
64 67
65 67
65 69
67 68
67 69
67 70
67 71
69 72
69 73
70 71
70 72
70 73
70 74
70 75
71 72
71 73
71 74
71 75
72 73
72 74
73 74
73 75
73 76
73 77
73 78
74 75
74 76
74 77
74 79
75 77
75 78
75 79
76 77
76 78
76 79
76 80
76 81
77 78
77 80
77 81
77 82
78 79
78 80
79 80
79 81
80 81
80 82
80 83
81 82
81 83
81 84
81 85
82 85
83 84
83 85
83 86
84 85
84 86
85 86
85 88
86 87
87 88
87 89
87 90
87 92
89 90
90 91
90 92
90 93
90 96
91 92
92 93
92 94
93 94
93 95
93 96
94 95
94 96
95 96
