5
21
68
46
95
32
100
1 38
1 82
1 52
1 11
1 50
38 18
38 52
38 82
38 97
38 50
38 81
38 60
82 11
82 18
82 52
82 53
82 60
97 4
97 11
97 25
97 34
97 37
97 52
52 11
52 13
52 18
52 81
11 5
11 10
11 37
11 26
50 5
50 14
50 20
50 39
50 91
2 41
67 6
67 39
67 41
41 6
41 39
41 43
41 94
41 53
41 86
41 99
28 6
28 83
43 6
43 83
12 83
86 83
94 14
94 20
94 62
5 20
5 91
5 14
5 99
5 37
20 14
20 91
20 62
20 99
91 53
91 62
91 99
14 39
14 62
14 99
62 6
62 39
62 99
99 6
99 39
39 6
37 10
37 13
37 15
37 26
37 69
59 93
61 93
10 13
26 13
13 69
13 15
13 47
13 90
83 35
83 56
83 89
83 85
35 93
29 93
45 93
93 56
93 85
93 89
