5
22
71
17
36
77
100
0 99
1 18
2 99
10 15
10 18
11 99
16 15
16 99
23 99
24 99
37 15
37 99
39 99
41 18
47 15
50 15
50 99
52 15
52 99
59 15
59 18
59 99
60 15
61 15
61 99
68 15
68 99
69 15
69 99
73 15
73 99
76 99
79 15
81 15
83 18
83 99
84 15
87 99
88 15
88 99
89 15
91 99
93 15
93 99
96 18
98 99
99 4
99 7
99 12
99 19
99 21
99 25
99 28
99 29
99 34
99 38
99 43
99 44
99 55
99 62
99 65
99 66
99 67
99 70
99 72
99 78
99 86
99 92
12 15
14 15
18 4
18 25
18 28
18 40
18 44
18 58
18 67
18 80
18 86
18 94
26 15
29 15
32 15
33 15
46 15
48 15
63 15
64 15
65 15
66 15
86 15
4 15
8 15
25 15
42 15
80 15
92 15
31 15
15 30
15 62
