5
31
16
80
93
55
85
0 70
0 85
70 20
70 22
70 28
70 36
70 65
70 7
70 88
70 91
15 66
34 48
34 47
34 65
52 97
2 83
11 3
11 8
63 98
22 74
28 73
36 56
48 42
59 3
59 27
7 1
7 89
7 43
7 51
88 53
91 64
1 33
1 60
92 30
25 12
25 87
33 62
60 81
60 95
51 83
51 76
30 56
12 61
87 41
87 56
44 4
83 54
83 76
5 4
5 40
43 21
21 45
21 56
54 89
54 50
76 32
3 75
74 57
6 78
40 62
40 68
40 69
4 89
17 97
78 69
67 39
9 24
24 82
82 79
10 98
10 56
98 72
72 39
72 79
68 66
69 27
61 27
13 23
13 32
45 32
23 97
23 26
77 35
26 53
35 71
