5
29
96
49
91
98
100
0 99
0 57
66 34
66 35
66 32
3 42
1 62
78 62
78 43
2 34
2 99
42 63
42 70
42 44
42 65
42 35
42 74
42 47
42 39
42 18
40 57
20 35
5 34
74 62
45 57
6 32
53 32
65 62
8 41
8 30
8 43
63 57
63 30
63 99
9 57
9 35
28 41
10 41
10 99
41 23
41 54
41 76
41 62
41 52
41 70
41 22
90 57
50 62
13 34
15 30
16 30
17 32
17 62
18 62
19 43
80 57
89 43
21 35
22 32
22 57
23 99
23 43
99 75
99 76
99 79
99 70
43 55
43 93
43 27
43 59
43 79
61 57
84 30
39 57
88 62
46 35
46 57
30 36
30 64
57 56
57 55
57 62
57 67
31 34
32 52
32 44
32 75
32 87
32 36
52 35
33 34
34 70
34 93
34 55
35 62
79 62
62 59
62 86
62 58
62 64
