5
37
61
11
22
47
100
0 99
1 33
1 99
3 99
8 33
8 99
17 33
17 99
23 33
28 99
32 99
36 33
38 33
38 99
39 33
41 99
42 33
42 99
44 33
55 33
63 33
64 33
64 99
66 33
66 99
71 33
71 99
73 99
77 33
78 99
79 33
80 33
82 99
87 33
87 99
90 99
92 99
95 33
95 99
96 33
99 4
99 6
99 7
99 9
99 13
99 14
99 16
99 18
99 20
99 24
99 25
99 26
99 29
99 30
99 34
99 35
99 40
99 43
99 45
99 48
99 54
99 56
99 57
99 62
99 68
99 69
99 75
99 84
99 88
99 89
99 97
4 33
5 33
14 33
20 33
25 33
30 33
33 13
33 24
33 26
33 34
33 35
33 40
33 43
33 45
33 48
33 54
33 57
33 58
33 62
33 65
33 67
33 69
33 75
33 83
33 84
33 89
33 97
33 98
34 85
