5
95
48
21
16
75
100
0 56
0 59
3 56
7 56
7 99
8 99
9 56
10 56
10 59
15 56
15 99
20 56
20 99
23 99
26 56
26 59
29 59
29 99
33 56
33 99
34 99
36 59
38 56
41 56
41 99
42 59
42 99
44 59
50 56
50 99
51 59
54 56
54 99
56 4
56 18
56 24
56 35
56 37
56 43
56 49
56 53
56 55
56 57
56 58
56 61
56 62
56 63
56 64
56 65
56 67
56 69
56 70
56 72
56 76
56 80
56 84
56 85
56 87
56 90
56 94
56 96
59 19
59 27
59 28
59 43
59 62
59 71
59 92
59 99
63 99
65 99
67 99
70 99
71 99
72 99
77 99
87 99
91 99
4 99
11 99
19 99
28 99
37 99
49 99
55 99
58 99
82 99
90 99
2 99
24 99
27 99
40 99
85 99
88 99
99 18
99 22
99 25
99 53
99 76
99 78
