5
85
78
83
90
55
100
4 99
5 99
6 99
7 25
7 99
9 99
11 25
11 99
13 25
14 25
18 25
30 25
32 25
32 99
34 37
34 64
34 77
34 99
37 99
40 25
40 99
42 25
42 99
45 99
46 25
46 99
47 25
49 25
49 99
50 99
52 99
57 99
60 25
60 99
61 25
61 99
66 25
66 99
72 99
75 25
77 25
80 25
80 99
84 25
84 99
86 99
88 25
88 99
95 25
95 99
98 25
98 99
1 25
8 25
8 99
16 25
16 99
25 15
25 26
25 29
25 33
25 36
25 39
25 43
25 44
25 48
25 53
25 56
25 63
25 64
25 65
25 68
25 69
25 70
25 73
25 74
25 79
25 91
25 92
25 97
27 99
28 99
29 99
38 99
59 99
70 99
71 99
73 99
81 99
10 99
33 99
56 99
62 99
63 99
65 99
76 99
3 99
39 99
44 99
58 99
