5
42
44
28
40
45
100
67 99
67 10
69 10
69 58
61 10
61 56
64 8
75 8
70 58
50 51
15 99
15 74
11 14
11 8
79 60
79 1
79 10
60 85
60 66
60 88
60 52
60 38
60 86
60 82
60 10
60 62
60 25
60 97
60 22
60 30
97 14
97 8
38 58
38 74
38 56
38 51
77 8
77 1
19 87
19 10
16 87
85 51
13 1
91 58
82 14
94 87
66 56
32 8
0 74
86 56
3 10
3 1
90 58
46 10
46 58
46 99
10 51
10 78
10 9
78 74
87 73
87 74
87 25
87 17
99 17
99 80
5 74
76 14
76 51
55 51
55 8
25 74
25 58
92 58
62 51
62 8
62 14
95 56
95 1
27 51
71 56
6 14
6 51
6 1
6 58
14 12
14 20
14 30
14 56
88 74
9 51
58 20
51 20
51 96
74 56
74 80
2 8
56 30
47 8
30 8
