5
38
42
44
11
90
100
0 43
0 99
43 3
43 4
43 6
43 14
43 16
43 24
43 25
43 26
43 31
43 32
43 37
43 39
43 71
43 47
43 73
43 69
43 8
43 1
43 91
43 96
43 29
43 46
43 65
43 23
43 54
43 60
43 52
43 53
43 45
43 49
43 66
43 72
43 75
43 77
43 81
5 99
86 99
87 99
40 99
17 99
68 99
65 99
22 99
60 99
84 99
94 99
58 99
82 99
66 99
78 99
98 99
76 99
6 99
50 99
16 99
37 99
25 99
18 99
19 99
32 99
48 99
93 99
34 99
92 99
28 99
62 99
9 99
10 99
26 99
30 99
35 99
47 99
53 99
56 99
63 99
64 99
71 99
73 99
74 99
99 2
99 8
99 12
99 13
99 14
99 21
99 41
99 55
99 67
99 69
99 75
99 79
99 83
99 85
99 88
99 91
99 29
99 7
99 1
