5
1
73
28
67
44
100
0 59
14 8
14 69
14 74
15 33
15 69
15 79
21 42
40 59
40 69
54 22
59 2
59 8
59 19
59 20
59 25
59 29
59 50
59 60
59 72
59 74
61 33
64 79
70 22
76 8
2 22
2 33
2 69
2 74
2 79
8 27
8 34
8 38
8 45
8 46
8 49
8 50
8 62
8 69
8 71
8 79
20 42
22 9
22 24
22 27
22 31
22 33
22 37
22 60
22 68
22 78
25 33
33 12
33 29
33 31
33 46
33 63
33 66
33 68
33 77
33 78
34 74
49 66
49 69
50 74
7 74
7 42
10 42
10 79
35 74
35 66
36 74
43 69
45 66
69 37
69 23
69 27
69 57
69 77
71 74
74 5
74 6
74 55
74 63
74 78
55 66
79 5
79 13
79 48
79 58
4 42
6 42
58 66
18 66
23 66
42 9
42 65
42 75
57 66
9 66
