5
53
60
65
61
66
100
45 91
47 91
49 93
51 91
44 93
50 93
48 91
48 93
55 95
56 95
58 91
58 95
58 99
59 91
59 95
62 95
62 99
63 91
63 93
64 99
67 93
67 99
68 99
70 91
70 95
69 91
69 93
69 95
71 91
71 95
74 91
74 93
74 95
73 91
73 93
73 99
72 91
72 93
72 95
72 99
75 91
75 95
75 99
76 91
76 93
76 99
78 91
78 95
78 99
79 91
79 93
79 95
79 99
80 91
80 95
80 99
81 91
81 93
81 95
81 99
77 93
82 95
82 99
84 91
84 95
84 99
86 91
86 95
86 99
87 91
87 95
87 99
83 91
83 95
83 99
85 93
85 95
85 99
89 91
89 99
90 91
90 99
88 91
88 95
88 99
92 91
92 99
93 91
93 99
91 94
91 97
91 98
96 95
97 95
97 99
98 95
98 99
94 95
94 99
95 99
