5
36
72
74
56
5
100
3 96
4 1
9 96
11 1
11 96
12 1
17 96
18 1
18 96
19 96
20 1
21 96
23 1
23 96
28 96
31 96
34 1
34 96
35 1
35 96
37 1
37 96
40 1
40 96
41 1
41 96
44 96
46 1
46 96
47 96
50 96
51 1
51 96
54 96
57 1
57 96
58 1
58 96
59 1
64 96
66 96
67 1
67 96
68 1
69 96
76 1
78 1
78 96
79 1
84 96
85 1
85 96
87 1
87 96
90 1
90 96
91 1
92 96
93 1
94 1
94 96
95 1
1 2
1 14
1 22
1 26
1 29
1 30
1 33
1 42
1 43
1 48
1 49
1 62
1 65
1 71
1 73
1 77
1 81
1 82
1 83
1 86
2 96
26 96
29 96
30 96
42 96
49 96
65 96
71 96
81 96
83 96
96 6
96 8
96 16
96 24
96 38
96 55
96 80
96 89
