5
1
4
5
97
98
100
55 82
55 94
56 82
56 94
57 82
57 94
58 82
58 90
58 94
59 82
59 90
59 94
60 82
60 90
60 94
61 82
61 94
62 82
62 90
62 94
63 82
63 94
64 82
64 90
64 94
65 82
65 90
65 94
66 82
66 90
66 94
67 82
67 94
68 82
68 90
68 94
69 82
69 90
69 94
70 82
70 94
71 82
71 94
72 82
72 90
72 94
73 82
73 94
74 82
74 94
75 82
75 90
75 94
76 82
76 94
77 82
77 94
78 82
78 94
79 82
79 90
79 94
80 82
80 94
81 82
81 90
81 94
82 83
82 84
82 85
82 86
82 87
82 88
82 89
82 91
82 92
82 93
82 95
82 96
83 90
83 94
84 94
85 94
86 94
87 90
87 94
88 90
88 94
89 94
90 92
90 93
90 94
90 95
91 94
92 94
93 94
94 95
94 96
95 99
96 99
