5
17
38
26
32
80
100
0 99
1 11
1 99
2 11
2 99
7 99
8 11
10 11
11 3
11 4
11 9
11 12
11 18
11 23
11 24
11 27
11 28
11 30
11 31
11 37
11 40
11 41
11 42
11 43
11 44
11 45
11 46
11 47
11 53
11 55
11 56
11 59
11 65
11 67
11 69
11 70
11 71
11 72
11 74
11 76
11 77
11 82
11 83
11 87
11 89
11 90
11 91
11 92
11 96
11 97
11 98
20 99
21 99
28 99
29 99
34 99
36 99
39 99
40 99
41 99
42 99
43 99
48 99
57 99
59 99
62 99
65 99
67 99
72 99
77 99
84 99
85 99
87 99
88 99
89 99
91 99
96 99
99 3
99 5
99 9
99 15
99 30
99 45
99 46
99 49
99 51
99 53
99 54
99 56
99 60
99 61
99 63
99 64
99 71
99 73
99 75
99 78
99 79
99 94
99 98
