5
6
68
29
41
64
100
21 91
76 5
1 57
9 57
9 65
52 65
57 13
57 28
57 40
57 44
57 53
57 67
57 84
57 99
62 60
81 30
81 55
84 5
84 83
2 7
2 17
2 23
2 42
2 44
2 49
2 51
2 63
2 75
2 82
7 34
7 40
7 56
7 66
7 85
7 88
7 96
20 8
20 31
20 33
20 88
20 94
42 34
44 65
49 5
60 10
60 15
60 32
60 48
60 55
60 73
60 99
63 30
63 91
82 99
58 5
58 65
58 78
59 27
78 53
78 66
78 67
78 71
78 72
78 95
18 27
71 30
89 30
5 69
5 70
5 87
91 35
91 40
91 46
77 30
77 93
96 55
27 8
27 48
27 66
27 74
34 22
34 31
34 40
34 85
65 19
65 32
65 46
65 74
65 86
88 93
13 30
28 99
30 22
30 95
14 93
93 74
55 35
55 50
55 67
72 99
