5
38
33
44
35
10
100
0 27
0 5
41 27
41 9
24 9
27 1
27 2
27 3
27 8
27 11
27 12
27 15
27 16
27 20
27 21
27 22
27 23
27 25
27 14
27 19
27 42
27 26
27 28
27 29
27 30
27 36
27 37
27 39
27 40
27 45
27 46
27 49
49 9
49 51
13 5
13 51
42 5
42 51
2 5
1 5
1 9
1 51
6 5
18 51
7 5
7 51
7 9
5 43
5 12
5 22
5 4
5 46
5 36
5 25
5 51
5 17
5 34
5 31
5 29
5 50
5 45
5 21
5 20
5 48
5 11
5 28
5 37
5 47
5 14
5 15
40 51
9 3
9 8
9 37
9 46
9 28
9 16
9 19
9 20
9 21
9 22
9 23
9 29
9 31
9 34
9 36
9 39
9 43
22 51
50 51
51 16
51 20
51 21
51 25
51 28
51 29
51 31
51 39
51 3
51 32
