5
1
6
31
44
70
100
4 5
8 5
12 47
12 99
28 5
29 5
30 5
40 5
41 5
43 99
45 5
50 99
51 5
54 47
55 5
64 47
65 5
67 99
68 5
68 47
68 99
71 5
71 99
79 99
80 5
80 99
83 99
87 99
88 99
90 5
90 99
91 5
91 47
92 5
92 99
93 5
93 47
95 5
95 99
98 5
98 99
5 9
5 10
5 15
5 16
5 19
5 25
5 35
5 38
5 42
5 48
5 52
5 53
5 56
5 62
5 63
5 72
5 73
5 74
5 77
5 82
5 84
5 86
5 96
5 97
9 99
10 99
15 99
16 47
21 47
24 99
35 99
42 99
47 37
47 39
47 48
47 52
47 57
47 84
49 99
53 99
62 99
72 99
73 99
82 99
85 99
99 2
99 20
99 25
99 27
99 34
99 38
99 39
99 52
99 56
99 63
99 66
99 75
99 84
99 86
