5
41
58
39
22
78
100
3 80
6 66
6 93
11 93
18 80
18 81
18 93
31 66
34 12
37 80
37 93
38 66
45 81
45 93
47 80
52 80
57 66
60 12
60 66
65 12
65 93
1 80
17 12
17 80
17 81
17 93
19 80
19 93
26 81
51 80
56 81
74 12
80 5
80 14
80 25
80 27
80 33
80 36
80 42
80 53
80 63
80 70
80 72
80 84
80 86
80 91
80 93
82 93
88 93
91 12
91 66
8 12
8 81
13 93
24 12
25 12
32 93
54 12
54 81
54 93
72 81
83 66
89 66
5 81
9 81
9 93
14 12
20 12
20 66
20 93
27 12
27 66
27 93
33 81
36 66
36 93
62 12
62 66
63 81
86 93
23 66
23 81
42 81
50 66
67 66
70 66
70 81
92 12
92 66
46 93
53 66
53 93
81 44
81 55
81 87
55 93
66 43
66 75
93 43
93 75
