5
45
89
96
39
58
100
0 99
1 99
2 86
2 99
3 86
3 99
4 99
5 86
5 99
7 99
10 99
12 99
13 99
14 99
15 99
16 86
16 99
17 99
18 99
21 86
21 99
27 86
28 99
30 99
33 99
35 86
35 99
36 99
37 99
38 99
40 99
41 99
43 86
43 99
46 99
47 99
48 99
49 86
49 99
52 86
53 99
54 99
55 99
56 86
56 99
57 99
59 86
59 99
61 86
61 99
62 99
63 99
65 99
66 86
67 99
68 99
69 86
69 99
70 86
71 99
72 86
72 99
73 99
74 99
76 99
78 99
79 86
79 99
80 86
80 99
81 99
82 99
83 99
84 99
86 6
86 11
86 20
86 32
86 42
86 51
86 85
86 90
86 92
87 99
88 99
90 99
91 99
92 99
94 99
99 6
99 8
99 9
99 20
99 29
99 31
99 32
99 42
99 44
99 64
99 75
