5
49
11
67
17
38
100
23 15
25 3
25 10
25 15
25 21
25 81
29 3
29 21
29 60
33 3
33 52
33 60
36 3
41 3
41 15
1 52
2 3
2 32
30 21
37 32
44 15
44 60
44 81
52 21
52 28
52 43
52 45
52 57
52 58
52 69
52 70
52 72
61 21
74 3
78 15
78 21
78 32
78 81
79 3
79 10
79 15
79 21
79 60
79 81
3 9
3 16
3 22
3 35
3 43
3 46
3 48
3 53
3 54
3 57
3 64
3 66
3 77
14 10
14 34
28 21
32 40
32 42
32 48
55 15
55 81
59 21
63 10
63 15
63 60
80 60
10 5
10 7
10 13
10 39
10 42
10 66
10 71
16 21
43 21
43 60
48 81
53 34
53 60
54 15
60 15
60 40
60 71
4 21
6 21
6 34
21 13
21 58
69 34
13 15
34 72
39 15
8 15
65 81
75 81
72 81
