5
72
15
4
21
19
100
0 43
43 17
43 18
43 27
43 41
43 2
43 56
43 74
43 54
43 59
43 14
43 31
43 55
54 57
54 82
7 57
1 50
74 57
74 50
62 50
62 82
29 73
55 73
67 50
67 82
47 57
42 82
41 57
32 57
11 73
2 57
2 82
52 50
52 82
52 57
26 82
26 50
14 82
78 50
5 73
5 57
66 50
66 57
70 82
45 50
45 57
45 73
46 50
46 73
3 57
3 73
36 50
57 13
57 18
57 28
57 48
57 53
57 75
57 25
57 6
57 65
57 27
57 61
57 63
71 82
31 50
61 50
61 73
60 82
73 30
73 49
73 56
73 65
73 68
73 18
73 51
73 23
73 64
73 28
73 39
73 82
82 17
82 23
82 37
82 44
82 63
82 77
82 64
82 33
82 51
82 53
82 6
82 9
82 13
82 35
82 18
63 50
22 50
49 50
24 50
