5
13
14
23
25
21
100
0 55
4 65
11 84
12 55
12 65
16 55
16 65
18 55
18 65
22 84
24 55
24 65
24 84
29 55
33 65
33 84
36 84
40 65
51 55
51 65
55 1
55 2
55 7
55 20
55 26
55 27
55 30
55 38
55 41
55 45
55 50
55 54
55 61
55 62
55 64
55 66
55 68
55 71
55 75
55 84
56 65
56 84
59 65
64 65
64 84
74 65
79 84
80 65
80 84
1 65
1 84
3 65
3 84
5 65
9 65
15 65
15 84
19 84
26 65
27 84
28 84
39 65
41 84
46 65
47 65
48 84
54 84
58 65
65 2
65 6
65 31
65 37
65 43
65 52
65 60
65 61
65 68
65 70
65 71
65 72
65 78
65 81
69 84
75 84
78 84
83 84
84 6
84 17
84 20
84 31
84 43
84 44
84 50
84 60
84 61
84 63
84 68
84 71
84 72
84 76
