5
54
11
35
72
26
100
13 66
13 55
33 73
33 1
33 37
33 39
33 46
66 47
66 46
66 49
99 79
99 70
99 53
55 7
55 47
55 29
73 87
73 61
1 98
1 51
37 62
69 50
46 80
46 61
20 84
20 45
84 42
84 44
84 93
81 8
45 92
45 58
90 41
90 42
57 63
38 94
38 75
38 49
42 3
42 89
42 62
42 88
42 87
44 92
44 85
44 78
48 40
48 32
48 68
48 96
48 58
48 27
79 87
62 82
62 70
62 87
62 58
62 65
87 30
87 2
87 85
70 53
19 56
15 9
43 77
43 4
58 47
5 40
40 86
56 10
56 32
56 30
56 80
21 94
21 47
50 61
22 77
22 59
7 10
7 12
12 41
12 78
53 41
53 68
53 75
88 59
88 47
32 77
18 25
77 47
41 65
41 2
94 60
94 61
51 59
30 29
30 34
49 85
23 2
61 52
