5
1
67
74
78
87
100
2 3
2 61
2 23
3 95
4 6
4 56
5 6
5 16
5 39
7 8
8 83
8 71
9 53
9 30
9 56
10 11
10 86
11 33
12 50
13 46
13 66
14 15
14 47
14 48
15 22
16 17
16 50
16 70
17 18
17 40
18 19
18 31
20 21
20 84
20 83
20 95
20 24
22 23
23 60
23 38
24 25
26 27
27 64
27 77
28 29
29 65
29 68
29 92
30 60
31 32
31 64
31 85
32 83
33 38
33 91
33 86
33 55
36 42
36 50
37 38
38 39
38 47
39 40
39 77
43 44
43 64
43 61
45 55
46 59
48 49
48 81
49 50
50 51
51 72
51 99
53 54
56 57
57 69
59 69
60 61
60 63
61 66
62 76
63 64
64 65
68 69
69 70
70 71
70 94
71 85
72 73
73 98
77 97
82 83
82 85
83 84
85 86
91 92
91 95
97 98
