5
81
38
60
76
17
100
4 98
6 51
9 44
13 98
14 33
14 51
18 33
18 51
19 33
19 51
19 98
20 44
21 51
21 98
26 98
29 44
29 51
29 98
35 33
35 44
48 33
48 51
49 33
49 51
50 33
50 98
53 51
53 98
54 33
54 98
56 44
57 33
57 98
64 33
64 44
68 44
69 33
69 98
80 51
86 44
91 51
95 33
1 51
5 33
5 44
10 98
31 44
31 98
33 7
33 12
33 16
33 24
33 42
33 62
33 82
33 87
33 94
33 96
36 98
41 51
45 44
45 98
47 44
47 98
51 16
51 22
51 23
51 30
51 32
51 37
51 40
51 46
51 74
51 82
51 94
51 96
59 98
63 44
63 98
65 98
66 44
97 98
2 44
2 98
3 44
3 98
22 98
40 44
44 16
44 52
44 82
44 87
82 98
92 98
98 11
98 12
98 39
98 58
98 71
98 89
