5
28
41
58
87
45
100
0 80
1 78
1 80
4 43
4 78
4 93
15 77
18 43
21 10
21 77
48 93
50 77
62 10
62 43
62 80
70 43
70 80
70 93
74 43
80 6
80 17
80 31
80 40
80 49
80 56
80 59
80 71
80 75
80 90
80 91
88 43
89 93
5 93
6 10
6 93
37 10
37 78
55 10
55 43
57 77
57 78
60 77
66 43
68 10
68 43
68 93
71 10
71 77
75 10
75 78
78 2
78 3
78 7
78 8
78 34
78 53
78 56
78 93
2 10
2 77
10 19
10 24
10 33
10 34
10 44
10 51
10 61
10 63
10 69
10 72
10 77
29 77
29 93
33 93
61 77
69 77
77 25
77 34
77 44
77 67
77 81
77 90
77 92
3 93
25 43
47 93
90 93
93 7
93 20
93 42
93 53
7 43
43 27
43 30
43 39
43 51
43 59
43 79
43 81
43 82
