5
3
27
23
34
29
100
8 2
8 45
8 20
12 52
12 19
12 44
12 24
12 59
12 31
12 55
12 32
12 53
15 37
15 31
15 11
15 38
2 57
2 50
52 25
52 14
52 10
52 41
52 47
52 22
25 50
25 11
25 55
25 48
25 6
32 17
32 57
32 53
14 21
14 36
14 10
14 11
14 42
19 22
19 26
19 41
19 17
19 37
30 1
30 13
30 21
30 42
44 35
44 11
44 36
44 40
44 58
44 37
13 5
13 1
13 20
13 59
13 45
46 56
46 9
0 45
22 38
6 51
6 37
6 42
6 26
37 16
37 28
5 40
49 53
49 50
49 36
50 54
58 56
58 53
58 40
35 20
35 36
21 43
21 56
21 40
45 33
48 18
31 59
31 28
40 26
56 41
56 51
56 9
56 17
28 7
36 53
24 43
59 47
4 26
9 47
17 55
26 10
57 43
43 20
33 20
