5
9
65
21
20
19
100
68 54
43 74
43 17
43 92
12 14
14 97
14 8
14 11
14 32
14 15
64 13
64 67
78 13
78 70
78 84
32 91
32 17
32 25
2 97
93 87
39 99
47 70
61 13
61 35
49 35
6 3
6 77
6 63
6 56
4 74
4 92
90 35
90 58
90 74
90 25
90 92
10 74
10 25
59 97
59 87
87 16
87 45
87 70
44 70
29 74
74 80
74 85
74 86
50 13
89 58
92 33
92 91
92 34
92 84
92 36
92 83
27 67
35 30
58 91
58 11
58 24
58 46
58 86
25 76
25 84
25 48
25 79
25 94
97 41
22 85
34 17
70 7
70 66
70 84
36 17
40 85
33 99
76 54
62 91
62 13
62 99
72 16
98 91
98 67
60 17
60 85
13 73
13 16
71 67
77 16
91 24
91 57
91 79
54 11
54 84
85 37
41 16
16 82
57 84
84 82
