5
4
87
59
86
47
100
14 8
14 81
43 81
46 99
61 1
91 1
91 9
94 8
1 3
1 10
1 12
1 17
1 28
1 30
1 31
1 55
1 64
1 66
1 69
1 71
1 78
1 83
1 85
1 93
1 96
9 13
9 17
9 33
9 34
9 37
9 40
9 52
9 60
9 66
9 74
9 80
10 68
12 99
30 99
31 44
33 38
33 50
33 58
33 69
33 84
33 89
33 97
64 8
66 8
66 68
66 99
69 8
69 81
83 99
85 68
93 68
96 44
96 99
82 68
92 44
92 99
98 81
21 99
23 81
48 68
8 5
8 11
8 15
8 41
8 75
29 81
29 99
72 68
77 99
41 68
57 68
90 68
32 68
89 81
45 68
79 81
68 25
68 36
68 39
68 40
68 53
68 56
68 62
68 67
75 99
40 81
52 81
52 99
81 16
81 22
81 44
81 62
99 42
99 53
99 56
