5
89
91
94
96
98
100
0 1
0 2
0 3
0 8
0 10
2 3
2 8
4 5
4 8
4 10
5 10
5 8
6 8
6 10
6 13
7 8
7 10
7 13
9 10
12 13
12 15
14 15
25 31
27 29
27 31
28 31
29 31
29 36
30 31
30 32
31 33
31 35
32 36
33 34
33 35
33 37
34 38
35 39
36 40
37 41
38 42
39 43
40 44
41 45
42 46
43 47
43 99
44 48
45 49
46 50
47 51
48 52
48 99
49 99
50 99
51 99
52 56
53 99
54 99
55 99
56 99
57 61
57 99
58 99
59 99
60 99
61 99
62 99
63 99
64 99
65 99
66 99
67 68
67 99
68 99
69 99
70 99
71 99
72 99
73 99
74 99
75 99
76 99
77 99
78 99
79 99
80 99
81 99
82 99
83 99
84 99
85 99
86 99
87 99
88 99
90 99
92 99
93 99
95 99
97 99
