5
35
9
74
20
51
100
0 52
0 93
8 52
8 86
8 93
11 52
14 86
17 86
17 93
22 86
24 52
24 86
36 86
41 52
41 86
41 93
43 93
46 93
48 52
48 86
52 2
52 10
52 15
52 16
52 18
52 19
52 27
52 30
52 32
52 38
52 39
52 45
52 49
52 56
52 57
52 59
52 61
52 62
52 63
52 70
52 75
52 77
52 78
52 79
52 81
52 83
52 89
52 92
54 86
57 93
65 86
65 93
70 93
76 86
83 86
93 1
93 2
93 4
93 12
93 18
93 26
93 29
93 32
93 50
93 53
93 56
93 62
93 67
93 75
93 77
93 81
93 86
93 87
93 89
93 92
16 86
33 86
47 86
50 86
63 86
68 86
79 86
81 86
2 86
10 86
27 86
34 86
67 86
86 3
86 12
86 29
86 30
86 39
86 58
86 62
86 66
86 69
86 84
86 87
86 92
