5
78
58
41
32
36
85
0 84
84 39
84 38
18 27
98 3
98 1
1 17
1 22
17 12
17 34
19 91
19 97
22 63
2 15
2 51
62 16
62 28
62 95
15 10
15 43
90 31
90 71
90 29
3 34
51 4
51 12
51 61
25 14
25 40
5 39
5 80
39 74
87 33
64 33
64 48
64 57
64 86
7 70
70 53
70 31
70 28
70 83
8 83
8 44
8 77
91 69
91 45
11 65
11 47
65 21
12 61
13 27
13 67
43 45
24 96
24 37
24 42
16 96
21 30
63 50
63 56
73 38
73 56
45 74
45 82
96 71
50 54
94 77
55 95
59 97
31 37
33 72
38 97
97 46
97 92
92 60
92 79
92 42
44 46
44 68
44 85
68 77
85 76
76 79
49 71
