5
76
94
56
80
55
100
0 99
3 99
4 99
5 90
7 90
7 99
8 99
9 99
11 90
11 99
12 90
12 99
13 99
14 99
16 99
16 90
17 99
18 90
18 99
19 99
20 99
21 90
21 99
22 99
23 99
29 99
30 99
31 99
36 99
37 99
40 90
40 99
43 99
44 99
46 90
46 99
47 99
49 99
51 99
52 99
53 99
54 90
54 99
57 99
58 99
59 99
60 90
60 99
62 99
63 99
66 99
68 99
70 99
71 99
72 99
73 99
74 99
78 90
78 99
81 99
82 99
83 99
86 99
87 90
87 99
88 99
90 24
90 38
90 48
90 50
90 67
90 1
90 97
91 99
92 99
93 99
95 99
99 1
99 2
99 24
99 26
99 27
99 28
99 34
99 35
99 38
99 41
99 42
99 48
99 50
99 61
99 65
99 67
99 69
99 75
99 85
99 15
99 25
99 32
99 45
