5
26
28
21
42
54
100
0 99
1 99
2 99
4 8
4 10
4 11
4 12
4 14
4 17
4 18
4 23
4 25
4 27
4 30
4 32
4 33
4 43
4 44
4 51
4 52
4 53
4 60
4 63
4 64
4 67
4 79
4 82
4 83
4 89
4 91
4 92
4 31
4 35
4 36
4 39
4 47
4 56
4 58
4 65
4 86
4 88
6 99
12 99
22 99
27 99
29 99
35 99
36 99
37 99
38 99
49 99
51 99
52 99
56 99
58 99
60 99
62 99
65 99
66 99
71 99
73 99
75 99
78 99
82 99
86 99
89 99
91 99
93 99
99 3
99 5
99 7
99 10
99 13
99 15
99 23
99 25
99 33
99 40
99 44
99 50
99 55
99 74
99 76
99 77
99 83
99 88
99 90
99 97
99 8
99 11
99 18
99 20
99 24
99 46
99 57
99 61
99 68
99 69
99 95
99 96
