5
36
81
42
74
17
100
0 63
1 7
4 63
6 44
6 63
6 95
15 22
30 7
31 63
40 95
45 95
47 22
47 95
48 7
48 44
49 7
49 63
56 63
58 22
62 7
63 3
63 9
63 16
63 18
63 22
63 23
63 26
63 27
63 35
63 37
63 38
63 46
63 53
63 82
63 83
63 85
63 88
63 93
63 94
68 7
75 7
91 44
7 5
7 9
7 19
7 20
7 23
7 24
7 25
7 35
7 41
7 55
7 69
7 76
7 83
7 86
7 87
7 88
7 92
18 44
22 2
22 3
22 13
22 44
22 50
22 73
24 95
33 95
39 44
39 95
41 44
41 95
43 44
72 44
73 44
77 44
83 95
89 44
90 95
92 44
5 44
14 44
14 95
16 44
16 95
23 95
29 44
54 95
64 95
3 95
32 95
51 44
86 44
95 20
95 38
35 44
13 44
37 44
44 59
44 61
