5
83
65
45
90
33
100
0 23
0 80
2 38
2 78
4 5
4 99
6 99
16 5
16 23
22 97
23 27
23 28
23 34
23 43
23 57
23 61
23 68
23 79
23 81
23 85
23 93
25 3
25 80
48 97
57 3
57 80
64 99
80 12
80 24
80 27
80 43
80 44
80 47
80 61
80 66
80 73
80 99
81 5
88 38
88 78
88 97
93 38
19 5
24 3
30 99
31 38
44 38
44 99
63 97
17 38
17 99
34 5
34 99
38 11
38 53
38 72
38 74
38 82
38 84
38 86
38 98
78 15
78 35
78 75
78 82
3 9
3 13
3 28
3 32
3 37
3 42
3 46
3 49
3 51
3 52
3 53
3 60
3 70
3 75
3 79
3 96
37 76
42 99
51 99
53 5
53 97
69 26
69 39
69 77
76 39
76 67
76 92
76 99
79 5
79 99
5 15
5 35
99 21
99 71
97 10
