5
60
28
27
54
25
100
4 20
6 13
6 53
13 10
13 12
13 34
13 42
13 44
13 65
13 67
13 75
13 82
13 87
13 88
18 20
18 68
40 89
43 68
43 89
50 39
50 53
63 53
63 68
66 39
71 20
71 89
75 53
75 68
79 53
86 89
1 89
8 68
10 68
48 53
48 68
59 20
59 53
59 89
70 53
70 89
72 53
72 68
74 53
82 68
85 53
87 89
89 16
89 19
89 32
89 35
89 44
89 62
89 64
89 81
2 53
11 39
11 68
23 20
23 68
36 39
36 68
44 20
44 39
53 5
53 9
53 17
53 30
53 38
53 51
53 57
53 64
53 68
53 73
55 39
57 20
57 39
58 39
58 68
3 39
31 68
39 15
39 35
39 38
39 52
39 56
39 62
39 73
39 84
56 68
16 20
16 68
20 45
20 76
20 84
5 68
12 68
68 26
68 45
68 73
68 80
