5
69
2
25
48
62
100
0 73
0 45
73 12
73 56
73 71
45 8
45 20
45 27
45 30
45 32
45 58
1 5
1 29
1 64
1 38
5 76
5 42
5 32
5 53
5 24
5 70
5 64
29 10
29 13
29 79
29 32
29 44
64 18
64 59
19 3
19 7
19 8
19 17
19 77
19 67
19 36
65 12
65 24
65 40
53 16
53 58
17 42
17 55
33 22
52 60
52 77
52 67
9 34
9 67
9 16
20 28
44 28
44 59
78 58
7 68
7 59
18 10
13 32
24 10
8 42
37 16
66 42
42 54
32 77
32 63
47 79
47 57
6 75
6 30
6 60
75 15
75 43
10 22
10 71
10 55
30 56
60 12
60 36
60 67
59 21
59 43
59 58
59 63
59 67
58 21
58 63
67 22
16 43
16 23
16 27
61 43
55 43
55 79
12 27
12 28
43 35
43 77
77 63
36 79
21 63
