5
54
68
75
92
94
100
0 15
0 64
0 99
3 15
3 64
5 15
5 64
5 99
6 99
7 15
9 15
11 64
11 99
12 64
15 30
15 32
15 53
15 67
15 76
15 96
17 99
18 99
19 64
20 64
21 99
22 64
22 99
23 64
23 99
25 99
26 64
28 64
28 99
29 64
30 64
31 64
31 99
32 64
34 99
35 99
36 64
36 99
37 99
38 64
38 99
40 64
42 64
42 99
43 64
45 99
46 64
46 99
47 64
47 99
50 64
51 64
52 64
53 64
53 99
56 64
57 64
57 99
58 99
59 99
61 99
62 64
62 99
63 64
63 99
64 66
64 69
64 71
64 76
64 79
64 80
64 81
64 82
64 83
64 85
64 86
64 87
64 88
64 90
64 91
64 96
66 99
67 99
70 99
71 99
72 99
79 99
80 99
82 99
83 99
84 99
85 99
93 99
95 99
96 99
97 99
