5
42
23
18
75
52
85
1 27
1 99
27 33
27 67
37 60
37 55
2 28
29 15
29 71
29 53
4 39
4 3
4 65
3 92
3 34
3 90
34 33
34 41
34 89
39 99
39 79
5 64
5 46
5 55
5 82
64 7
64 91
6 24
6 8
8 66
8 68
93 54
93 72
53 81
53 45
66 48
9 14
14 94
14 88
10 26
10 56
94 60
94 44
12 81
58 17
58 41
58 81
13 80
13 95
13 62
80 28
95 71
65 25
15 99
99 62
99 63
99 86
16 97
97 26
17 84
55 36
55 44
19 72
82 63
21 70
70 78
70 54
43 32
43 31
25 62
25 51
50 36
50 61
71 81
31 73
73 72
32 47
45 49
36 87
60 79
44 51
51 98
49 72
86 84
96 74
