5
24
9
43
20
87
100
0 41
46 54
46 97
46 99
57 49
74 54
94 21
94 97
96 49
15 49
28 99
41 12
41 54
41 71
41 69
41 78
41 60
41 17
41 33
41 86
41 63
41 83
75 54
76 89
1 54
3 54
3 89
17 49
22 89
27 97
31 54
33 49
37 21
83 54
83 92
83 21
88 92
88 99
26 92
26 89
26 49
29 21
34 92
34 89
58 21
58 89
66 54
66 89
66 99
78 92
12 89
14 89
23 89
23 97
69 92
98 92
98 97
48 92
48 97
68 54
77 49
2 92
16 92
16 99
19 97
52 97
54 21
54 59
54 73
65 21
97 90
97 99
97 8
97 59
97 85
97 84
99 70
99 6
99 42
99 49
99 80
44 49
84 92
84 49
59 49
70 92
49 60
49 85
4 21
40 21
40 89
85 92
32 92
6 92
6 89
53 89
10 89
89 55
63 92
92 60
