5
18
73
51
82
32
100
26 21
26 57
26 44
21 56
21 22
21 81
21 76
21 63
21 29
21 33
21 85
21 47
21 9
21 20
21 92
67 47
59 58
59 94
70 58
70 57
68 47
16 57
84 94
90 57
33 47
79 47
42 47
35 57
35 47
0 58
8 30
8 94
9 47
9 58
40 47
40 58
60 57
60 58
23 58
23 47
75 47
75 30
61 47
61 58
61 30
61 44
91 44
91 30
87 94
13 57
52 30
52 57
78 58
78 57
74 58
34 94
34 47
12 44
10 47
54 57
54 44
54 58
56 57
14 44
15 44
15 30
2 47
4 58
4 94
43 44
89 44
93 30
93 94
7 58
45 44
47 48
47 37
47 39
47 31
47 64
47 46
47 1
62 44
62 94
29 30
29 57
27 58
49 57
49 94
80 58
6 94
94 11
44 64
44 63
44 71
30 31
30 71
30 76
72 58
58 39
