5
48
43
44
46
47
100
2 91
4 10
5 10
5 14
5 34
5 40
5 90
6 14
6 77
7 40
7 68
9 40
9 10
19 10
19 40
29 10
29 40
39 10
39 40
59 10
59 40
69 40
79 10
79 40
89 10
89 40
1 14
8 45
10 33
10 16
10 14
10 34
10 64
12 77
14 30
14 45
14 25
14 40
14 15
14 18
14 31
14 37
14 51
14 56
14 65
14 81
14 87
14 93
16 34
42 45
66 34
18 45
18 23
18 77
18 91
25 34
33 68
37 40
37 90
41 34
87 40
91 26
20 34
20 23
28 45
78 45
30 45
17 40
26 45
26 68
58 45
67 40
34 11
34 13
34 27
34 40
34 45
34 38
34 61
34 63
34 70
34 88
34 95
40 27
40 32
40 57
40 64
40 84
40 94
40 97
64 45
84 45
90 32
38 23
38 45
38 68
88 23
88 45
45 22
22 23
