5
43
83
7
67
76
100
1 46
1 4
1 53
1 40
46 26
46 55
46 59
46 85
53 18
53 30
53 84
2 13
2 70
2 49
2 5
2 8
2 19
2 39
51 12
51 17
51 38
51 61
51 87
13 12
13 10
13 29
13 55
13 79
70 62
70 89
70 50
57 80
57 18
57 85
19 5
19 80
40 32
40 75
40 81
5 74
69 37
69 66
69 14
69 80
69 73
69 77
9 20
9 63
25 20
72 11
72 80
52 18
52 59
41 81
56 8
8 14
55 33
55 60
20 15
20 79
20 80
30 10
30 71
30 12
30 34
30 60
10 34
58 44
11 27
11 38
75 47
66 14
66 37
66 39
66 15
66 63
61 88
32 47
26 15
26 78
26 36
26 62
86 45
23 33
87 54
18 33
18 50
78 79
54 62
79 38
21 85
85 82
38 33
22 28
84 33
63 45
64 59
45 65
31 33
89 82
