5
24
51
52
61
80
100
1 88
2 88
3 88
4 88
5 88
6 88
7 88
8 88
9 88
10 88
11 88
12 88
13 88
14 88
15 88
16 88
17 88
18 88
19 88
20 88
21 88
22 88
23 88
25 88
26 88
27 49
27 53
27 58
27 66
27 68
27 73
27 78
27 81
27 84
27 87
27 92
28 88
29 88
30 88
31 88
32 88
33 88
34 88
35 88
36 88
37 88
38 88
39 88
40 88
41 88
42 88
43 88
44 88
45 88
46 88
47 88
48 88
49 97
50 97
53 97
54 97
55 97
56 97
57 97
58 97
59 97
60 97
62 97
63 97
64 97
65 97
66 97
67 97
68 97
69 97
70 97
71 97
72 97
73 97
74 97
75 97
76 97
77 97
78 97
79 97
81 97
82 97
83 97
84 97
85 97
86 97
87 97
89 97
90 97
91 97
92 97
93 97
94 97
95 97
96 97
