5
11
69
70
87
15
100
0 90
2 90
3 90
4 85
4 90
5 90
6 85
6 90
9 90
12 85
12 90
13 90
14 90
17 85
18 90
19 85
19 90
21 90
23 90
24 85
25 85
25 90
26 85
28 85
28 90
29 85
30 85
30 90
31 90
32 85
32 90
34 90
35 90
36 90
38 90
39 85
39 90
42 90
43 90
45 90
46 85
46 90
49 85
49 90
51 90
54 85
54 90
55 85
56 90
57 85
58 85
58 90
61 90
62 90
63 85
64 85
64 90
65 90
67 90
68 90
73 90
74 90
75 85
76 90
77 85
77 90
78 90
79 85
79 90
80 90
81 90
82 90
85 1
85 10
85 22
85 27
85 50
85 52
85 71
85 72
85 88
85 89
86 90
89 90
90 1
90 7
90 8
90 10
90 16
90 22
90 27
90 40
90 41
90 48
90 50
90 52
90 60
90 71
90 72
90 88
