5
5
66
47
90
49
100
0 57
0 99
0 34
29 64
29 34
29 57
31 57
36 57
51 34
51 57
51 64
51 99
53 34
55 99
57 13
57 18
57 19
57 21
57 23
57 24
57 32
57 37
57 39
57 40
57 38
57 44
57 45
57 46
57 61
57 91
57 96
57 78
57 79
57 95
70 99
71 64
71 99
74 64
74 99
76 64
85 64
97 64
99 6
99 22
99 23
99 24
99 38
99 48
99 56
99 60
99 63
99 69
99 75
99 93
99 95
99 20
99 28
99 30
99 58
99 61
99 82
99 98
1 64
6 64
61 34
68 64
77 34
82 34
3 34
14 34
25 34
38 34
41 64
46 34
75 34
80 34
81 64
81 34
83 64
89 34
30 64
30 34
39 34
91 34
96 64
96 34
87 64
26 34
26 64
34 7
34 17
34 28
34 32
34 15
34 23
34 24
34 58
34 37
58 64
64 28
