5
70
77
84
91
98
100
5 90
5 97
12 90
12 97
19 90
19 97
26 90
26 97
33 90
33 97
40 90
40 97
47 90
47 97
54 90
54 97
61 90
61 97
68 90
68 97
75 90
75 97
82 90
82 97
89 90
89 97
96 90
96 97
6 49
6 56
6 63
6 90
6 97
13 56
13 63
13 90
13 97
20 56
20 63
20 90
20 97
27 56
27 63
27 90
27 97
34 56
34 63
34 90
34 97
41 56
41 63
41 90
41 97
48 56
48 63
48 90
48 97
55 56
55 63
55 90
55 97
62 56
62 63
62 90
62 97
69 56
69 63
69 90
69 97
76 56
76 63
76 90
76 97
83 56
83 63
83 90
83 97
90 7
90 14
90 21
90 28
90 35
90 42
90 63
90 97
97 7
97 14
97 21
97 28
97 35
97 42
97 49
7 99
14 99
21 99
28 99
35 99
42 99
49 99
56 99
