5
60
82
83
85
19
100
0 95
1 33
1 95
2 95
3 95
4 95
5 95
6 95
7 95
8 33
8 95
9 95
10 33
10 95
11 95
12 95
13 95
15 95
16 33
16 95
17 95
18 95
22 95
23 95
24 95
25 33
25 95
26 95
28 33
28 95
29 95
30 95
31 95
32 95
33 39
33 45
33 50
33 52
33 69
33 77
33 78
33 79
33 92
34 95
35 95
36 95
38 95
39 95
40 95
41 95
42 95
43 95
44 95
45 95
46 95
47 95
48 95
49 95
50 95
51 95
52 95
54 95
55 95
56 95
57 95
58 95
59 95
61 95
62 95
64 95
65 95
66 95
67 95
68 95
69 95
71 95
72 95
73 95
74 95
75 95
76 95
77 95
78 95
79 95
80 95
84 95
86 95
87 95
88 95
89 95
90 95
91 95
92 95
93 95
94 95
95 20
95 27
95 63
95 70
95 81
