5
5
10
69
75
91
100
70 79
71 79
72 79
72 80
73 79
74 79
76 79
76 85
77 79
77 80
77 85
78 79
78 85
79 81
79 82
79 83
79 84
79 86
79 87
79 88
80 85
80 88
81 85
81 88
81 90
82 85
82 88
82 90
83 85
83 88
83 90
83 92
84 85
84 88
84 90
84 92
84 93
85 86
85 87
85 88
85 89
85 90
85 92
85 93
86 88
86 90
86 92
86 93
86 94
86 95
87 88
87 90
87 92
87 93
87 94
87 95
87 96
88 89
88 90
88 94
88 95
88 96
88 97
89 90
89 92
89 93
89 94
89 95
89 96
89 97
89 98
90 92
90 93
90 94
90 96
90 97
90 99
92 93
92 95
92 96
92 97
92 98
92 99
93 94
93 95
93 96
93 97
93 99
94 95
94 96
94 97
94 98
94 99
95 97
95 98
95 99
96 98
96 99
97 98
98 99
