5
39
41
44
63
47
100
0 85
0 89
25 8
27 68
35 56
35 68
40 32
66 89
73 8
78 55
78 56
78 58
82 68
82 74
85 1
85 10
85 11
85 31
85 33
85 36
85 69
85 71
85 77
86 74
89 4
89 42
89 65
1 51
1 59
1 68
2 55
2 56
18 65
18 68
36 22
36 74
36 87
51 19
51 26
51 42
51 54
51 60
59 19
68 5
68 13
68 31
68 42
68 60
68 88
76 87
50 58
55 4
55 16
55 60
55 71
56 67
3 87
20 38
20 58
24 87
34 74
62 58
67 8
67 22
70 22
87 23
87 38
87 43
4 38
4 65
4 74
38 31
38 48
38 53
38 57
38 75
38 77
53 65
65 33
65 37
65 88
74 10
74 23
74 48
74 72
74 77
5 8
8 16
8 48
8 81
13 58
83 32
88 32
7 32
32 43
72 58
9 46
23 58
58 84
15 22
