5
55
6
77
63
20
100
7 83
7 30
7 35
7 75
7 9
7 82
7 45
83 29
83 47
83 44
83 76
39 99
39 36
64 99
64 22
89 42
89 49
97 81
97 29
97 75
97 99
97 72
97 67
97 31
81 41
81 22
85 36
18 62
86 41
59 16
59 61
59 33
59 1
59 84
59 82
59 15
59 50
47 8
47 40
47 35
47 22
47 2
47 70
47 42
47 5
8 62
68 76
68 99
65 76
40 49
84 99
84 49
60 61
60 76
60 74
96 29
29 28
29 54
29 35
28 22
0 99
90 44
44 51
44 1
44 37
44 3
61 41
61 48
61 35
62 88
62 41
62 31
62 34
62 92
75 76
74 34
74 38
74 48
1 42
27 49
5 49
35 41
36 70
36 53
36 80
70 41
76 67
76 53
76 45
76 41
76 14
67 99
53 57
92 99
94 99
99 10
99 15
22 23
22 57
41 73
