5
54
27
73
75
62
100
0 24
0 98
0 89
0 22
40 24
91 22
31 22
31 89
55 89
86 22
76 22
51 22
51 89
90 22
90 24
37 22
37 24
37 98
37 89
12 24
12 89
87 22
88 22
25 22
25 98
25 89
21 98
23 22
23 98
23 89
74 24
13 89
17 22
17 98
61 22
61 24
61 98
57 22
57 98
57 89
11 89
53 22
53 89
36 98
78 22
1 22
32 22
65 22
42 98
9 22
9 98
9 89
15 22
15 24
15 89
16 24
16 89
58 89
66 22
66 98
92 22
95 22
95 24
49 22
33 22
64 24
60 22
60 98
47 22
47 89
24 3
24 5
24 30
24 84
24 29
24 50
24 81
24 41
24 38
5 98
5 89
28 22
98 3
98 22
98 41
98 50
20 89
89 3
89 14
22 14
22 19
22 82
22 44
22 29
22 79
22 81
22 38
22 84
22 63
22 85
