5
11
13
35
96
77
100
21 31
30 40
31 40
41 50
41 42
41 32
41 51
50 51
51 52
51 61
61 52
32 42
42 33
42 52
52 62
62 53
72 73
82 83
82 73
92 93
92 83
33 43
43 44
43 34
43 53
53 54
53 63
63 64
63 54
63 73
73 74
83 84
83 93
34 44
44 45
54 55
54 64
64 65
64 74
74 75
74 65
84 85
84 75
84 94
94 85
45 46
45 36
55 56
55 46
55 65
65 66
75 76
75 66
85 86
85 76
26 27
26 36
36 27
46 47
46 37
56 57
56 47
56 66
66 67
76 86
17 18
17 27
27 28
37 38
37 28
37 47
47 48
57 58
57 48
57 67
67 68
87 88
87 78
97 98
97 88
8 18
18 19
18 9
28 29
28 38
38 39
38 29
48 49
48 58
58 59
58 68
68 78
78 88
88 98
9 19
39 49
59 69
69 79
79 89
89 99
