5
14
50
24
49
55
100
0 97
4 35
4 99
5 35
7 35
7 99
9 97
9 99
26 15
31 99
33 97
39 35
39 97
45 15
45 35
45 99
46 97
48 97
56 97
59 97
59 99
60 35
60 97
60 99
70 99
72 35
72 97
73 35
80 35
80 99
84 35
87 99
92 99
97 1
97 10
97 18
97 25
97 32
97 36
97 40
97 44
97 47
97 51
97 53
97 57
97 58
97 64
97 69
97 75
97 76
97 78
97 81
97 83
97 88
97 89
97 91
97 93
1 15
11 15
11 99
12 99
15 38
15 51
15 58
15 66
15 75
15 86
25 35
29 35
30 99
37 99
38 35
38 99
42 99
64 99
67 35
67 99
75 99
77 99
86 99
88 35
88 99
16 35
21 35
27 35
44 99
58 35
74 99
93 99
94 35
94 99
95 35
10 99
78 99
90 35
34 35
35 17
35 83
35 99
99 32
