5
35
58
14
97
78
100
0 99
1 99
3 22
3 99
5 22
5 99
9 22
9 99
12 22
12 99
15 99
17 99
18 99
26 99
27 22
27 99
30 99
31 22
31 99
33 22
33 99
39 99
40 22
40 99
49 22
49 99
53 99
56 99
66 22
66 99
67 99
70 22
70 99
77 22
80 99
82 22
82 99
83 22
83 99
87 22
87 99
88 99
91 99
93 22
93 99
96 99
98 22
98 99
99 16
99 20
99 21
99 36
99 43
99 44
99 48
99 54
99 60
99 62
99 65
99 71
99 74
99 75
99 79
99 81
99 92
99 7
99 13
99 24
99 29
99 32
99 34
99 38
99 42
99 45
99 50
99 52
99 55
99 59
99 63
99 64
99 68
99 73
99 76
99 94
21 22
32 22
37 22
48 22
54 22
60 22
61 22
75 22
36 22
50 22
62 22
74 22
20 22
34 22
22 42
22 90
