5
24
47
83
80
81
100
68 11
68 99
43 99
34 99
48 75
55 75
16 99
20 75
20 99
28 99
72 99
79 75
79 99
93 99
26 75
84 75
36 99
59 99
73 11
73 75
73 99
64 99
64 75
71 11
71 75
85 75
85 99
13 75
13 99
6 99
65 11
65 75
95 11
95 75
86 75
2 75
2 99
40 99
52 99
52 75
41 99
41 75
39 99
39 75
62 75
76 99
76 75
90 75
90 99
42 11
33 11
7 99
87 75
45 99
67 11
67 99
57 75
30 75
30 99
15 75
15 99
91 11
91 99
14 75
14 99
89 75
9 75
38 75
94 99
58 75
22 75
35 99
97 99
18 75
18 99
27 75
27 99
66 75
5 75
5 99
99 4
99 10
99 49
99 96
99 21
99 56
99 19
99 53
99 92
60 75
92 11
92 75
75 98
75 96
75 56
75 44
75 19
75 61
75 69
56 11
