5
20
23
66
81
93
100
0 92
6 99
11 29
11 92
12 92
12 99
14 29
14 92
15 29
17 29
17 92
18 92
19 99
21 29
21 99
22 92
22 99
24 29
28 92
33 29
33 99
36 29
36 99
47 92
47 99
51 29
51 99
53 92
53 99
55 92
57 29
62 29
65 99
68 99
69 29
72 92
74 99
75 29
82 92
83 99
85 29
87 92
88 29
90 29
92 4
92 16
92 26
92 27
92 32
92 41
92 45
92 49
92 50
92 52
92 54
92 61
92 63
92 73
92 76
92 84
92 91
92 95
92 98
92 99
97 99
9 99
13 29
35 99
39 29
40 99
59 99
60 29
60 99
84 29
91 29
91 99
95 99
96 29
5 99
7 29
46 29
52 99
61 29
76 29
76 99
77 29
77 99
16 29
49 99
67 29
89 99
98 99
78 99
37 99
63 29
63 99
99 45
99 71
29 45
29 86
