5
53
38
61
31
29
100
0 57
0 82
1 82
1 54
21 82
21 57
21 64
57 5
57 7
57 18
57 33
57 34
57 56
57 58
57 14
57 8
57 39
57 60
57 51
57 4
57 80
57 75
57 3
57 66
46 54
7 82
18 54
18 58
17 54
17 64
82 44
82 50
82 54
82 56
82 78
82 81
82 41
82 72
82 74
82 23
82 13
82 16
82 80
82 24
82 75
36 64
54 23
54 48
54 50
54 51
54 55
54 16
54 33
54 32
54 8
54 71
54 35
54 70
54 26
54 30
54 14
54 69
54 74
54 75
54 80
71 64
6 64
50 64
12 58
12 64
34 58
75 64
8 64
65 64
23 64
4 64
77 64
58 9
58 26
58 52
58 79
58 14
58 64
56 64
42 64
62 64
60 64
64 9
64 13
64 14
64 20
64 22
64 63
64 66
64 43
64 24
64 80
64 41
64 55
64 51
