5
2
44
63
71
49
100
3 91
3 99
4 99
5 99
6 91
6 99
7 99
10 91
10 99
11 91
11 99
12 91
13 91
13 99
15 91
15 99
16 99
17 99
19 99
22 99
23 91
23 99
25 91
25 99
27 91
28 99
29 99
30 91
30 99
31 99
32 99
33 99
34 91
35 91
35 99
36 91
36 99
37 99
38 91
39 91
40 91
41 99
42 99
43 99
46 99
47 99
55 91
55 99
56 91
56 99
57 99
62 91
62 99
66 99
69 99
70 91
70 99
72 91
72 99
74 99
75 91
75 99
77 91
82 99
89 99
90 99
91 51
91 54
91 59
91 67
91 68
91 76
91 79
91 85
91 94
91 95
91 96
91 98
92 99
93 99
96 99
97 99
98 99
1 99
14 99
24 99
26 99
45 99
50 99
51 99
53 99
59 99
67 99
68 99
76 99
80 99
81 99
83 99
84 99
85 99
