5
12
11
17
34
26
100
71 88
61 84
1 10
1 58
1 72
1 27
56 46
56 49
56 74
56 99
58 5
99 31
99 78
99 81
99 38
99 76
72 98
2 25
25 82
25 74
25 5
25 90
36 21
36 63
3 6
3 18
6 89
65 45
65 90
65 86
65 19
53 20
53 52
53 67
5 78
5 21
5 96
78 38
78 37
78 23
21 46
21 33
21 52
21 54
21 86
96 57
96 73
96 87
96 52
96 28
66 52
66 67
19 98
7 43
23 59
86 59
86 89
43 24
43 95
43 40
43 81
15 18
15 89
15 59
73 67
59 30
59 31
59 84
67 16
67 37
67 51
67 55
80 42
80 63
76 70
18 16
18 44
18 69
18 98
18 68
89 39
89 38
98 52
22 20
22 93
20 81
20 48
20 92
20 84
81 49
48 52
88 40
52 31
45 70
35 70
70 91
70 87
37 84
84 47
47 49
