5
2
91
92
94
97
86
0 1
0 99
0 23
1 99
99 98
23 3
23 21
23 24
21 20
4 6
6 8
6 12
62 42
62 60
62 61
62 63
7 8
7 82
12 11
12 13
34 35
9 10
9 56
82 80
82 81
10 11
10 70
11 13
56 55
70 33
70 68
13 38
14 15
14 16
15 16
38 36
38 75
17 18
17 19
18 19
18 54
20 93
54 53
96 95
43 44
29 28
29 30
29 31
24 25
24 26
25 27
25 59
26 27
27 28
59 63
35 33
35 36
31 32
78 76
78 77
32 33
87 89
39 41
75 74
75 76
85 86
41 42
44 46
45 47
51 52
51 53
76 77
71 69
71 72
71 73
90 88
63 65
64 66
65 67
66 68
67 69
73 74
79 80
81 83
83 84
84 86
