5
30
44
66
2
64
100
1 29
1 80
1 37
1 53
1 71
1 79
1 51
1 8
1 48
37 97
37 83
53 92
54 4
54 43
54 55
54 14
54 74
54 33
54 56
54 94
99 33
99 78
99 13
99 94
99 65
99 39
99 23
99 20
99 5
79 25
79 40
79 22
74 17
40 83
40 11
92 20
92 34
92 87
92 90
92 11
92 47
92 15
92 18
22 13
22 25
22 45
22 77
22 67
22 81
22 24
22 28
22 39
22 59
22 65
22 78
22 96
13 11
13 52
93 76
93 83
4 42
4 23
4 50
42 17
11 76
11 34
23 97
90 83
90 76
6 83
86 52
24 97
94 52
94 76
39 83
84 76
89 52
10 52
10 76
41 17
41 83
52 36
52 61
52 77
52 91
52 97
76 34
76 98
31 17
12 17
69 17
14 97
97 87
17 46
17 61
98 83
96 83
83 60
83 91
83 87
