5
37
36
7
82
89
93
1 2
1 4
1 5
1 22
1 26
1 63
0 22
2 30
4 6
4 14
5 8
5 12
22 18
22 19
22 94
22 81
22 50
22 41
77 96
63 28
63 62
63 80
3 20
3 92
30 53
88 48
88 87
20 80
92 14
92 46
92 50
6 10
6 29
6 33
14 18
8 11
8 67
12 34
12 75
13 24
13 42
13 68
13 53
23 62
10 49
29 21
29 48
33 57
33 62
69 44
69 93
19 18
19 56
19 39
81 56
67 42
49 44
17 59
17 73
98 21
98 72
57 28
57 70
57 85
42 44
53 40
53 50
15 21
15 25
15 45
55 45
55 65
55 70
45 31
45 76
58 32
73 72
56 35
56 40
56 76
56 74
51 52
80 85
31 96
50 87
93 46
84 79
84 91
35 60
72 46
46 47
46 85
78 95
