5
14
21
57
72
76
100
0 24
0 75
5 66
5 75
7 66
7 75
7 97
13 24
16 97
18 75
18 97
24 29
24 30
24 41
24 42
24 46
24 52
24 55
24 56
24 59
24 64
24 80
24 84
24 87
24 97
26 66
31 97
36 66
36 75
38 75
43 66
46 75
53 66
53 97
56 66
58 75
62 75
62 97
69 66
75 2
75 12
75 15
75 20
75 22
75 28
75 33
75 42
75 61
75 63
75 70
75 71
75 80
75 86
75 89
75 95
75 96
91 97
93 66
94 66
95 66
96 97
1 66
1 97
25 97
28 66
29 66
32 97
37 66
37 97
39 66
44 66
44 97
59 66
59 97
66 3
66 15
66 40
66 42
66 47
66 50
66 63
66 64
66 78
66 83
66 85
66 90
82 97
97 3
97 9
97 10
97 15
97 33
97 40
97 42
97 47
97 48
97 51
97 61
97 88
97 90
