5
17
30
49
50
51
100
5 9
5 12
6 9
7 9
7 12
8 9
8 12
9 14
9 15
10 13
10 16
11 13
11 16
12 13
12 15
13 19
13 20
14 18
14 19
14 20
15 18
15 19
15 20
16 18
16 19
16 20
18 21
18 22
18 23
19 22
19 24
20 22
20 23
21 25
21 26
21 27
21 28
22 26
22 27
23 26
23 27
23 28
24 25
24 26
24 27
24 28
25 29
25 31
25 32
26 32
27 31
28 29
28 31
29 33
29 34
29 35
29 36
31 33
31 34
31 35
32 33
32 34
32 35
32 36
33 37
33 40
34 37
34 39
35 38
35 39
36 37
36 38
36 40
37 41
37 42
37 43
38 41
38 42
38 43
38 44
39 41
39 42
39 43
39 44
40 41
40 42
40 43
40 44
41 45
41 46
42 46
42 48
43 47
43 48
44 45
44 46
44 47
45 52
47 52
48 52
