5
45
13
29
63
27
100
0 37
0 54
0 70
1 37
1 70
3 37
3 70
7 37
8 37
8 70
9 37
11 54
11 70
14 70
17 54
20 37
20 54
21 54
21 70
22 70
23 37
25 37
25 54
26 37
26 54
26 70
28 37
32 54
34 70
37 4
37 5
37 6
37 10
37 12
37 15
37 16
37 18
37 24
37 31
37 33
37 35
37 36
37 38
37 39
37 40
37 42
37 44
37 46
37 48
37 50
37 51
37 53
37 55
37 56
37 57
37 58
37 60
37 62
37 65
37 66
37 68
37 69
38 54
40 54
40 70
43 70
47 70
48 70
49 70
53 54
53 70
54 2
54 12
54 44
54 50
54 56
54 58
54 59
54 60
54 62
54 64
54 70
55 70
57 70
60 70
61 70
66 70
70 2
70 4
70 10
70 15
70 18
70 24
70 30
70 44
70 50
70 51
70 59
70 64
70 69
