5
92
48
36
22
60
100
1 87
1 11
1 82
87 47
87 68
87 69
87 78
40 4
40 5
40 14
40 50
40 93
11 86
11 39
82 24
82 41
82 64
82 86
2 34
2 52
2 29
2 41
2 88
2 75
2 4
29 38
41 90
41 43
26 4
26 23
26 45
26 33
26 84
88 65
88 67
7 84
7 70
7 77
7 38
3 38
23 64
79 16
79 32
9 57
38 54
38 67
8 77
80 24
80 33
51 65
51 96
17 65
17 57
17 91
5 55
55 56
39 69
57 10
57 35
57 53
57 65
57 96
6 37
6 74
6 30
37 33
68 46
68 65
84 16
84 65
77 35
77 43
77 54
32 19
32 21
32 50
98 16
28 91
62 64
90 46
90 76
86 58
86 71
85 46
85 69
85 73
85 81
43 35
43 66
56 64
16 69
83 58
91 65
69 20
69 81
33 66
35 96
45 58
81 64
64 89
