5
1
3
4
95
98
100
40 19
40 66
40 74
50 96
50 74
50 66
53 96
61 74
61 19
67 96
67 19
70 19
75 74
81 74
86 21
89 96
93 19
93 66
93 96
52 21
83 19
41 21
45 19
45 74
45 96
46 19
46 66
55 74
59 74
60 21
62 66
65 19
88 96
92 74
92 19
92 66
84 96
25 96
63 21
77 96
90 21
90 74
90 96
94 74
94 66
94 96
97 96
97 74
97 19
97 99
15 74
15 96
16 96
19 6
19 31
51 96
68 66
72 96
76 66
76 96
96 5
96 18
96 49
96 14
96 82
96 64
96 42
96 56
96 58
96 73
96 17
96 38
96 32
96 54
42 74
42 66
49 66
43 74
43 66
10 74
38 66
17 66
11 66
24 66
80 74
80 66
35 74
54 66
28 66
22 66
78 66
34 66
56 74
58 74
48 74
64 74
64 66
18 74
66 57
66 82
