5
5
3
38
13
49
100
0 41
1 21
1 79
2 79
9 41
9 65
16 65
16 79
18 65
24 15
24 65
24 79
25 65
26 15
26 79
30 15
30 41
31 41
31 79
35 65
41 6
41 37
41 45
41 47
41 48
41 55
41 60
41 61
41 62
41 64
41 70
41 71
41 76
41 79
42 15
46 65
46 79
50 15
56 65
58 79
66 21
66 65
68 65
6 15
6 65
21 8
21 28
21 32
21 33
21 39
21 45
21 48
21 55
21 61
21 76
21 78
29 79
53 65
55 15
55 65
57 65
57 79
60 65
61 15
74 15
77 15
77 65
77 79
79 8
79 17
79 36
79 43
79 44
79 64
79 65
79 69
79 71
79 73
79 78
33 65
48 15
48 65
62 65
72 15
72 65
78 15
28 65
52 15
52 65
65 14
65 39
65 40
65 63
65 71
65 73
44 15
8 15
15 20
15 39
15 71
