5
17
95
36
26
88
100
0 66
14 81
14 76
68 46
66 13
66 19
66 52
66 85
66 29
66 93
45 81
59 46
59 69
59 76
1 32
1 92
1 24
1 10
1 85
1 84
1 4
1 22
1 37
1 47
1 62
1 70
92 48
24 34
24 61
85 48
84 81
5 76
5 34
91 61
6 23
41 48
41 76
47 48
74 46
74 48
7 99
35 61
67 48
67 46
4 86
22 46
65 99
65 46
76 73
76 21
76 83
76 54
19 81
11 23
34 15
34 13
34 58
34 56
34 90
40 23
40 81
40 71
29 23
16 48
16 61
83 61
99 30
99 87
99 15
99 9
97 48
97 69
54 46
54 48
90 48
90 69
98 81
31 23
31 48
43 46
23 71
87 46
13 61
13 69
61 72
61 46
60 46
81 44
63 46
48 44
48 55
50 69
57 69
57 71
38 71
20 69
53 46
69 28
69 75
46 62
