5
7
20
34
8
47
100
0 62
1 62
1 80
2 62
2 80
3 80
4 80
5 80
6 80
9 80
11 80
12 80
13 62
13 80
14 80
15 80
17 80
19 62
19 80
21 62
21 80
22 62
22 80
23 80
24 80
25 80
27 62
27 80
29 80
30 62
30 80
31 62
31 80
32 62
32 80
33 80
35 62
35 80
36 62
36 80
40 62
42 62
42 80
43 80
44 62
44 80
45 62
45 80
46 80
48 62
48 80
49 80
51 62
51 80
52 62
52 80
53 62
53 80
54 80
55 80
56 80
58 62
58 80
59 62
59 80
62 18
62 26
62 37
62 57
62 61
62 64
62 67
62 71
62 72
62 75
62 76
62 78
63 80
64 80
65 80
66 80
68 80
69 80
70 80
73 80
74 80
76 80
77 80
78 80
18 80
26 80
28 80
37 80
41 80
50 80
57 80
60 80
61 80
71 80
79 80
