5
86
26
31
32
52
100
11 45
24 96
33 28
33 69
34 45
36 28
53 45
53 70
54 96
61 69
61 70
61 96
63 45
63 70
67 69
67 70
94 45
94 70
22 28
25 45
29 45
51 70
55 45
55 69
58 28
58 70
58 96
66 45
66 70
66 96
68 70
71 28
71 70
72 69
72 96
77 45
91 28
92 28
92 69
3 69
3 96
6 70
7 69
9 28
10 70
13 45
13 69
35 28
35 45
35 96
37 70
39 69
39 70
44 70
50 45
50 96
79 28
79 69
81 70
93 28
93 45
5 45
41 45
41 70
49 69
59 45
59 69
60 45
65 69
65 70
69 8
69 12
69 28
69 38
69 57
69 73
69 74
69 76
69 78
69 83
96 8
96 48
96 78
4 28
20 70
21 28
28 23
28 73
28 76
23 45
23 70
45 12
45 78
45 87
45 95
76 70
90 70
70 40
70 48
70 62
