5
35
4
31
50
94
100
0 9
7 9
9 5
9 13
9 15
9 17
9 23
9 24
9 39
9 40
9 41
9 46
9 49
9 63
9 70
9 74
9 77
9 80
9 87
9 90
9 92
10 69
12 72
15 69
16 69
20 72
28 72
28 95
42 72
53 72
53 95
55 72
55 95
68 72
68 95
71 72
76 54
93 69
93 95
1 72
5 69
17 54
17 69
37 69
37 72
37 95
38 95
51 69
65 72
65 95
72 8
72 24
72 40
72 43
72 45
72 58
72 62
72 66
72 74
72 75
72 78
72 79
72 81
72 87
72 89
72 90
83 54
2 54
2 69
21 54
25 95
27 69
45 54
45 69
45 95
54 26
54 47
54 64
54 78
66 95
69 3
69 6
69 19
69 30
69 34
69 36
69 39
69 64
69 84
69 85
69 86
88 95
13 95
52 95
62 95
77 95
79 95
11 95
61 95
89 95
