5
54
55
56
57
58
100
0 53
0 59
1 53
1 59
2 53
2 59
3 53
3 59
4 53
4 59
5 53
5 59
6 53
6 59
7 53
7 59
8 53
8 59
9 53
9 59
10 53
10 59
11 53
11 59
12 53
12 59
13 53
13 59
14 53
14 59
15 53
15 59
16 53
16 59
17 53
17 59
18 53
18 59
19 53
19 59
20 53
20 59
21 53
21 59
22 53
22 59
23 53
23 59
24 53
24 59
25 53
25 59
26 53
26 59
27 53
27 59
28 53
28 59
29 53
29 59
30 53
30 59
31 53
31 59
32 53
32 59
33 53
33 59
34 53
34 59
35 53
35 59
36 53
36 59
37 53
37 59
38 53
38 59
39 53
39 59
40 53
40 59
41 53
41 59
42 53
42 59
43 53
43 59
44 53
44 59
45 53
45 59
46 53
46 59
47 59
48 59
49 59
50 59
51 59
52 59
