5
92
70
89
87
57
100
50 72
50 90
50 67
50 99
71 67
71 72
86 67
86 90
86 99
82 67
82 99
82 90
88 99
88 67
88 90
72 67
72 55
72 99
72 64
72 94
73 99
73 90
64 67
76 67
76 99
65 67
65 90
65 99
81 67
81 90
81 99
61 67
61 99
61 90
90 51
90 54
90 55
90 56
90 59
90 68
90 69
90 74
90 78
90 79
90 80
90 83
90 85
90 99
90 98
90 93
90 84
90 60
90 63
90 94
90 58
90 96
90 95
90 77
90 97
58 99
97 67
91 67
91 99
98 99
79 99
62 99
67 51
67 53
67 54
67 56
67 59
67 68
67 85
67 96
67 93
67 80
67 66
67 60
67 77
67 69
67 74
67 78
67 84
67 95
78 99
68 99
75 99
94 99
80 99
56 99
85 99
74 99
93 99
99 51
99 52
99 54
99 59
99 83
99 55
99 77
