5
83
84
25
47
18
100
0 24
6 56
6 88
2 24
2 88
3 56
3 88
5 24
8 24
10 88
16 24
16 88
20 24
23 24
23 88
24 4
24 7
24 9
24 11
24 12
24 13
24 15
24 21
24 68
24 27
24 29
24 31
24 33
24 34
24 45
24 46
24 50
24 54
24 72
24 75
24 77
24 78
24 79
24 81
24 85
26 39
34 88
35 88
40 88
41 39
46 88
48 88
56 12
56 22
56 29
56 30
56 31
56 37
56 39
56 53
56 66
56 69
56 70
56 71
60 39
64 88
76 39
76 88
79 39
79 88
85 39
1 39
14 88
19 39
31 39
31 88
36 88
39 4
39 9
39 59
39 61
39 66
39 70
39 80
39 86
42 88
55 88
66 88
67 88
68 88
74 88
53 88
54 88
59 88
80 88
88 15
88 17
88 27
88 28
88 30
88 50
88 75
88 77
88 86
88 87
