5
46
33
29
92
35
100
0 56
57 99
56 8
56 12
56 20
56 30
56 42
56 44
56 77
98 13
1 93
1 54
60 12
60 93
67 99
79 44
10 22
10 13
71 43
93 15
93 23
93 24
93 37
93 83
93 87
93 95
54 4
54 38
54 47
54 91
54 84
54 59
2 20
2 47
2 76
2 26
2 68
2 18
2 94
18 99
42 3
42 5
42 15
42 30
42 73
42 81
42 43
86 22
86 31
86 59
86 69
86 96
27 44
55 8
16 13
40 12
4 99
41 8
41 59
83 43
83 44
83 99
61 59
99 6
99 8
99 43
99 65
34 22
17 22
50 13
50 59
97 13
31 12
7 12
7 96
74 96
12 66
12 44
12 84
12 88
96 11
96 13
96 14
96 59
8 75
8 78
8 72
8 13
8 51
72 44
13 21
13 70
85 43
22 59
22 39
22 44
44 45
59 70
15 43
43 39
