5
77
95
96
97
98
100
0 11
2 99
3 99
4 11
4 99
5 11
5 99
6 11
6 99
7 99
8 11
8 99
9 11
9 99
10 99
11 1
11 13
11 14
11 15
11 16
11 18
11 19
11 20
11 22
11 24
11 25
11 30
11 31
11 32
11 33
11 35
11 36
11 37
11 38
11 39
11 40
11 42
11 44
11 78
11 79
11 80
11 83
11 84
11 86
11 87
11 88
11 89
11 92
12 99
13 99
14 99
15 99
16 99
17 99
18 99
19 99
20 99
21 99
22 99
23 99
24 99
25 99
26 99
27 99
28 99
29 99
30 99
31 99
32 99
33 99
1 99
65 99
66 99
67 99
68 99
69 99
70 99
71 99
72 99
73 99
74 99
75 99
76 99
78 99
79 99
80 99
81 99
82 99
83 99
84 99
85 99
86 99
87 99
88 99
89 99
90 99
91 99
92 99
93 99
94 99
