5
13
14
35
40
57
100
36 8
36 11
44 8
44 11
2 8
2 11
9 8
9 11
21 8
21 11
22 8
22 11
50 8
50 11
16 8
16 11
1 8
1 11
3 11
4 8
4 11
5 8
5 11
6 8
6 11
7 8
7 11
8 12
8 15
8 17
8 18
8 19
8 20
8 23
8 24
8 25
8 26
8 27
8 28
8 30
8 32
8 33
8 37
8 38
8 39
8 41
8 42
8 43
8 45
8 46
8 47
8 48
8 49
8 51
8 52
8 53
8 54
8 55
8 56
8 58
10 11
11 12
11 15
11 17
11 18
11 19
11 20
11 23
11 24
11 25
11 26
11 27
11 28
11 29
11 30
11 31
11 32
11 33
11 34
11 37
11 38
11 39
11 41
11 42
11 43
11 45
11 46
11 47
11 48
11 49
11 51
11 52
11 53
11 54
11 55
11 56
11 58
11 59
15 60
59 60
