5
52
5
18
76
53
100
1 46
39 99
43 45
44 46
44 99
57 13
57 46
61 99
67 22
67 45
67 99
68 13
68 28
68 29
70 45
70 46
73 46
92 13
92 22
6 28
26 99
40 45
40 99
46 21
46 25
46 29
46 30
46 55
46 60
46 80
46 83
46 84
46 97
49 22
60 28
62 28
85 13
89 13
89 45
94 22
2 99
12 28
14 22
14 28
35 28
35 99
41 99
54 28
54 45
54 99
99 13
99 15
99 19
99 28
99 37
99 74
99 93
99 96
99 98
24 28
24 45
30 22
30 45
55 13
55 22
71 13
91 13
91 45
11 28
20 28
21 13
21 28
36 13
56 22
79 13
79 45
80 13
90 22
96 45
98 22
9 22
47 13
87 22
95 28
97 28
16 13
16 22
28 25
28 38
28 65
72 13
25 22
25 45
66 13
66 22
15 22
22 13
31 45
69 45
13 19
