5
20
28
36
38
54
100
0 35
0 49
1 35
1 49
2 35
2 49
3 35
3 49
4 33
4 35
4 49
5 35
6 49
6 35
7 33
7 35
7 49
8 35
8 49
9 33
9 35
9 49
10 33
10 35
10 49
11 35
11 49
12 35
12 49
13 33
13 35
13 49
14 35
14 49
15 33
15 35
15 49
16 35
16 49
17 33
17 35
17 49
18 35
18 49
19 33
19 35
19 49
21 35
21 49
22 35
22 49
23 35
23 49
24 35
24 49
25 35
25 49
26 35
26 49
27 35
27 49
29 35
29 49
30 33
30 35
30 49
31 35
31 49
32 35
32 49
33 37
33 39
33 44
33 49
34 35
34 49
35 37
35 39
35 40
35 41
35 42
35 43
35 44
35 45
35 46
35 47
35 48
37 49
39 49
40 49
41 49
42 49
43 49
44 49
45 49
46 49
47 49
48 49
50 53
51 52
