5
2
27
49
79
86
100
0 99
1 99
3 99
5 52
5 99
7 52
7 99
8 52
8 99
9 52
9 99
10 52
10 99
11 99
12 52
12 99
13 52
13 99
14 99
15 99
16 99
17 99
21 99
26 99
29 99
30 52
30 99
31 99
32 99
33 52
33 99
34 52
34 99
35 99
36 52
37 52
38 52
39 52
40 52
40 99
41 99
42 52
42 99
43 99
44 52
44 99
45 99
46 99
47 99
51 52
51 99
52 53
52 57
52 58
52 63
52 64
52 65
52 68
52 69
52 76
52 78
52 80
52 83
52 85
52 91
52 94
52 97
56 99
57 99
58 99
59 99
60 99
61 99
62 99
63 99
64 99
65 99
66 99
67 99
68 99
69 99
70 99
72 99
74 99
75 99
76 99
78 99
80 99
81 99
82 99
85 99
87 99
88 99
91 99
92 99
94 99
95 99
96 99
97 99
98 99
