5
1
90
91
93
95
100
61 71
62 71
63 71
63 73
64 71
65 71
66 71
67 71
68 71
69 71
70 71
71 81
71 82
71 83
71 85
71 86
71 87
71 88
72 82
72 83
72 84
72 85
72 89
73 82
73 83
73 85
73 89
74 82
74 83
74 84
74 85
74 89
75 82
75 83
75 84
75 85
75 89
76 82
76 83
76 84
76 85
76 89
77 82
77 83
77 84
77 85
77 89
78 82
78 83
78 84
78 85
78 89
79 82
79 83
79 84
79 85
79 89
80 82
80 83
80 84
80 85
80 89
81 92
81 94
81 97
81 98
82 92
82 96
82 97
83 94
83 96
83 98
84 92
84 94
84 96
84 97
84 98
85 92
85 94
85 96
86 92
86 94
86 97
86 98
87 92
87 94
87 97
87 98
88 92
88 94
88 97
88 98
89 94
89 96
89 97
89 98
92 99
96 99
97 99
98 99
