5
95
2
40
16
49
100
0 14
4 89
85 54
32 94
32 36
32 58
14 90
14 19
14 53
14 98
14 70
14 21
48 73
1 87
10 36
10 74
10 89
10 30
87 26
87 35
87 88
68 34
68 45
68 73
70 26
70 31
65 64
41 53
41 86
50 15
89 59
89 62
42 58
5 94
5 34
94 17
94 76
94 78
33 45
34 59
34 61
93 35
93 54
6 11
44 20
11 53
11 13
90 38
90 58
90 64
7 9
9 62
57 79
57 96
38 23
38 80
38 96
8 84
8 25
59 74
84 36
51 25
51 58
51 62
25 91
25 98
25 92
26 92
26 56
62 22
62 53
36 43
36 60
74 98
30 13
30 20
30 43
13 64
13 58
12 56
88 23
88 92
64 21
64 43
64 75
58 60
58 71
71 54
19 54
98 20
54 76
54 80
28 45
20 43
22 92
23 86
23 83
45 31
78 69
73 97
