5
32
72
83
33
85
100
0 55
0 99
67 99
91 99
10 55
10 99
12 55
13 99
13 55
15 99
16 99
17 55
18 55
18 99
20 55
22 99
24 99
26 55
26 99
29 99
30 99
30 55
38 99
38 55
39 99
39 55
40 99
41 99
46 99
47 99
48 99
50 55
50 99
51 99
59 55
59 99
64 55
64 99
66 99
68 55
68 99
69 99
70 99
74 99
75 99
76 99
81 55
81 99
82 55
84 99
90 99
93 99
94 55
95 55
95 99
97 99
2 55
2 99
4 99
5 99
6 99
8 99
21 55
21 99
23 99
28 99
31 55
34 55
34 99
42 99
43 99
44 99
45 55
54 99
56 99
57 99
63 99
78 99
79 55
79 99
80 99
86 99
88 99
96 99
98 99
9 55
9 99
36 55
36 99
55 25
55 58
55 60
58 99
77 99
92 99
25 99
60 99
62 99
7 99
99 49
