5
76
1
21
92
4
92
88 7
88 96
88 12
88 97
7 32
62 20
62 16
62 19
62 56
62 73
20 3
50 99
50 98
50 55
99 78
99 63
99 52
17 81
17 38
17 24
17 46
78 86
25 6
25 18
35 37
35 43
37 8
94 66
94 75
94 16
33 75
12 97
12 98
31 52
31 11
97 41
97 9
97 11
97 22
97 89
75 69
75 23
69 16
72 73
73 28
28 40
28 90
93 45
93 71
93 23
93 24
67 30
67 15
0 46
0 30
90 55
90 61
16 14
32 22
32 24
32 26
32 56
64 30
56 91
96 8
98 45
98 86
80 95
95 40
95 15
5 77
39 26
39 60
39 47
45 44
86 10
86 8
10 58
10 46
57 40
52 77
52 34
54 55
77 58
55 42
18 79
49 3
49 9
58 87
40 15
15 47
87 85
