5
17
28
64
79
98
100
0 99
0 68
47 99
45 99
76 68
76 99
56 68
96 68
67 68
67 99
75 68
25 99
94 68
72 68
72 99
88 68
36 68
1 68
1 99
9 68
9 99
86 99
15 99
15 68
38 99
32 99
32 68
90 99
81 68
63 99
63 68
69 68
69 99
52 99
95 68
27 99
89 68
89 99
11 99
11 68
12 99
22 68
21 99
33 99
31 68
31 99
80 68
77 68
77 99
6 68
8 68
8 99
97 68
37 99
23 68
99 4
99 5
99 10
99 13
99 14
99 18
99 19
99 20
99 26
99 30
99 44
99 53
99 55
99 57
99 58
99 66
99 73
99 74
99 82
99 83
99 84
99 91
58 68
14 68
55 68
34 68
87 68
65 68
73 68
5 68
13 68
30 68
19 68
44 68
68 7
68 10
68 18
68 20
68 24
68 26
68 40
68 51
68 84
68 70
68 83
