5
41
83
85
87
96
100
29 36
30 36
31 36
32 36
33 36
34 42
35 42
36 39
36 40
37 38
37 42
38 43
39 43
40 43
47 64
50 64
64 57
64 58
64 61
68 69
68 73
68 79
68 82
65 71
65 74
65 79
65 82
71 70
71 73
71 74
71 76
71 78
71 84
74 66
74 67
74 70
74 72
74 75
74 84
75 80
79 66
79 67
79 70
79 72
79 78
79 81
82 66
82 67
82 70
82 77
66 78
76 69
76 72
76 73
76 77
76 80
76 81
78 67
78 73
78 81
78 84
67 70
67 77
67 81
67 84
70 73
70 80
73 81
77 69
77 81
77 84
81 69
81 72
81 84
84 80
84 86
69 80
80 72
86 89
86 90
86 92
86 93
88 89
88 92
88 94
89 98
90 95
90 97
90 98
91 95
91 97
91 98
92 97
93 95
93 97
93 98
94 95
94 98
95 99
97 99
