5
10
40
31
52
4
100
0 33
0 36
5 54
7 33
7 36
8 33
8 36
8 54
9 33
9 36
11 54
12 33
12 36
12 54
13 36
14 33
14 54
15 33
15 36
15 54
16 54
17 33
17 36
17 54
18 36
18 54
19 33
19 36
19 54
20 36
20 54
21 33
21 36
21 54
22 36
22 54
23 33
23 36
23 54
25 33
25 36
25 54
33 1
33 2
33 35
33 37
33 38
33 39
33 41
33 42
33 43
33 44
33 45
33 47
33 48
33 49
33 50
33 51
33 53
33 54
34 36
34 54
35 36
35 54
36 1
36 2
36 26
36 27
36 28
36 29
36 32
36 37
36 38
36 39
36 41
36 42
36 43
36 44
36 45
36 53
42 54
43 54
44 54
45 54
46 54
47 54
48 54
49 54
1 54
6 54
26 54
27 54
29 54
30 54
32 54
38 54
50 54
51 54
53 54
54 2
