5
32
42
87
74
77
100
0 71
4 50
4 71
4 97
10 72
15 50
15 72
16 72
16 97
17 71
17 72
20 72
23 97
28 50
45 97
47 72
47 97
51 50
57 50
65 50
65 56
68 50
68 71
69 97
71 3
71 13
71 26
71 31
71 37
71 43
71 44
71 49
71 55
71 62
71 66
71 67
71 73
71 81
71 82
71 85
71 90
71 93
75 72
79 50
79 72
82 50
84 72
95 50
18 97
24 97
48 50
62 97
64 72
66 72
67 50
85 50
85 72
86 72
86 97
93 72
2 97
5 50
5 97
13 50
25 97
27 50
27 72
44 72
49 72
49 97
56 34
56 97
59 50
59 97
90 72
90 97
97 3
97 9
97 14
97 30
97 36
97 38
97 58
97 61
97 76
97 81
3 72
21 50
38 72
55 50
72 83
72 89
72 94
26 50
30 50
50 9
50 34
50 58
50 70
50 83
