5
49
8
75
70
54
86
0 46
0 10
46 27
46 34
46 50
1 24
1 47
1 57
44 36
44 45
44 86
44 94
86 45
2 6
2 7
2 58
77 7
77 13
6 11
6 34
3 65
3 64
3 95
5 73
5 43
5 69
65 73
65 90
4 13
21 35
21 79
13 95
73 12
43 27
43 30
37 35
37 19
11 98
11 28
32 58
95 67
95 80
9 82
82 35
82 59
82 93
10 79
79 12
79 45
98 40
64 85
88 39
88 53
28 47
28 74
30 87
30 63
48 59
17 94
87 38
87 63
76 19
76 47
76 71
76 81
19 53
53 74
53 27
20 57
57 93
57 84
35 42
35 59
22 85
85 78
23 34
23 47
34 66
47 69
25 93
25 62
29 58
55 56
40 69
78 61
74 62
