5
30
39
43
21
34
100
0 50
3 28
3 38
3 42
3 50
4 25
4 36
4 38
9 25
10 18
11 25
11 36
11 50
16 28
16 32
16 36
16 38
16 42
20 25
20 32
20 50
22 28
22 32
22 50
23 18
23 28
23 50
31 42
33 50
40 36
40 50
41 28
41 32
44 18
44 32
44 38
44 42
44 50
45 18
45 28
45 32
45 36
45 38
46 18
47 28
47 38
47 50
48 36
48 42
50 2
50 7
50 24
50 29
2 18
2 28
2 32
2 36
5 36
5 38
6 18
6 32
6 36
6 42
13 28
13 32
13 42
17 42
26 18
26 32
29 28
37 28
37 32
37 36
49 36
49 38
15 28
15 32
18 14
18 27
18 38
27 28
27 32
27 36
27 42
28 7
28 8
28 12
28 36
28 38
28 42
32 7
32 8
32 19
36 7
7 42
12 38
12 42
14 42
24 38
42 25
