5
35
93
31
90
75
100
0 99
27 99
32 99
87 99
60 99
83 99
15 56
15 99
45 56
45 99
80 56
80 99
25 56
72 99
2 99
26 99
39 56
39 99
94 56
94 99
64 99
18 99
18 56
41 56
41 99
65 99
4 56
4 99
49 56
33 56
33 99
40 99
69 99
52 56
52 99
22 99
37 99
37 56
21 99
16 99
34 56
34 99
84 56
84 99
23 99
7 99
11 56
11 99
13 99
14 99
17 56
17 99
20 99
24 99
38 99
47 99
54 99
55 56
55 99
57 56
57 99
59 99
61 99
68 56
70 99
71 56
71 99
74 56
74 99
79 99
81 99
88 56
88 99
89 56
89 99
91 56
91 99
92 99
97 56
97 99
98 56
99 5
99 10
99 28
99 42
99 51
99 53
99 62
99 63
99 73
99 78
99 95
99 96
43 56
63 56
56 28
56 29
56 44
56 48
56 66
