5
54
88
5
70
45
100
0 99
4 15
6 15
7 99
9 99
12 15
12 99
13 99
14 15
14 99
16 15
17 99
20 15
20 99
22 8
22 33
22 34
22 36
22 41
22 44
22 49
22 56
22 80
22 92
22 93
22 99
23 15
24 99
25 99
26 15
26 99
28 99
29 15
32 99
33 15
33 99
37 15
38 15
40 15
40 99
41 15
43 99
44 15
48 99
51 99
52 15
55 99
57 99
58 15
64 15
67 15
71 15
77 99
78 15
78 99
82 99
83 15
85 15
86 99
87 15
89 99
91 15
98 15
98 99
99 2
99 3
99 30
99 35
99 46
99 47
99 49
99 50
99 56
99 59
99 60
99 65
99 66
99 73
99 81
99 84
99 96
21 15
34 15
50 15
53 15
59 15
74 15
81 15
84 15
96 15
61 15
73 15
90 15
93 15
35 15
46 15
56 15
60 15
97 15
15 30
