5
12
59
64
33
46
100
7 3
7 41
7 1
65 93
65 81
65 1
3 90
3 13
41 95
41 52
5 36
5 37
5 87
1 43
22 62
22 68
22 52
93 66
81 90
40 43
51 66
55 29
55 14
44 86
63 70
63 71
9 71
9 67
28 16
28 70
28 25
70 34
34 78
31 54
31 23
31 94
16 15
16 94
19 38
19 2
94 49
73 92
73 26
74 88
25 57
25 42
68 67
52 39
20 77
20 21
20 84
85 50
85 75
85 82
76 36
76 32
75 45
75 2
30 50
30 82
30 17
32 10
32 29
50 18
42 4
6 98
56 92
18 86
18 78
11 96
43 23
87 54
91 96
77 10
90 79
13 72
13 27
98 27
98 35
86 80
78 29
23 82
57 92
80 69
80 88
45 39
45 35
54 96
47 39
47 17
47 84
79 38
79 84
69 72
72 53
35 4
61 14
27 4
21 10
88 84
