5
93
94
95
96
97
85
0 2
0 7
1 3
7 25
23 25
3 5
4 5
5 9
6 9
8 25
25 10
25 11
25 12
25 13
25 14
25 15
25 16
25 17
25 18
25 19
25 20
25 21
25 24
25 27
25 32
26 28
32 49
48 49
28 30
29 30
30 34
31 34
33 49
49 35
49 36
49 37
49 38
49 39
49 40
49 41
49 42
49 43
49 44
49 45
49 46
50 52
50 57
51 53
57 75
73 75
53 55
54 55
55 59
56 59
58 75
75 60
75 61
75 62
75 63
75 64
75 65
75 66
75 67
75 68
75 69
75 70
75 71
75 74
75 77
75 82
76 78
82 99
98 99
78 80
79 80
80 84
81 84
83 99
99 85
99 86
99 87
99 88
99 89
99 90
99 91
