5
4
50
48
33
52
100
54 88
54 75
54 0
54 9
54 38
54 53
54 34
54 55
54 16
54 22
54 45
88 46
88 28
47 17
47 57
47 69
47 66
47 44
47 67
47 97
68 65
68 17
68 84
68 34
68 70
68 71
68 38
68 35
68 67
68 91
68 14
68 27
68 53
68 58
17 98
39 53
81 46
86 28
86 57
79 57
97 28
65 98
6 57
6 76
36 53
36 46
53 82
53 57
53 69
53 27
53 74
53 22
53 1
53 44
45 11
45 57
71 11
32 11
94 91
94 11
82 91
18 96
2 99
2 28
8 99
77 28
84 57
89 76
95 76
57 13
57 3
57 35
57 55
46 1
46 22
46 30
46 15
93 96
93 91
96 98
96 26
96 0
96 28
98 15
98 13
98 78
98 83
51 99
99 20
99 26
99 23
64 76
31 91
13 28
3 91
90 91
90 76
90 11
91 83
37 11
