5
69
70
71
72
73
100
0 74
1 22
1 74
2 22
2 74
3 22
3 74
4 74
5 74
6 74
7 74
8 74
9 74
10 22
10 74
11 74
12 74
13 22
13 74
14 74
15 74
16 22
16 74
17 22
17 74
18 22
18 74
19 74
20 22
20 74
21 22
21 74
22 25
22 26
22 29
22 33
22 39
22 41
22 42
22 44
22 45
22 46
22 47
22 48
22 49
22 50
22 53
22 54
22 55
22 56
22 57
22 60
22 62
22 66
23 74
24 74
25 74
26 74
27 74
28 74
29 74
30 74
31 74
32 74
33 74
34 74
35 74
36 74
37 74
38 74
39 74
40 74
41 74
42 74
43 74
44 74
45 74
46 74
47 74
48 74
49 74
50 74
51 74
52 74
53 74
54 74
55 74
56 74
57 74
58 74
59 74
60 74
61 74
62 74
63 74
64 74
65 74
66 74
67 74
68 74
