5
1
12
38
53
73
84
2 4
3 5
4 6
5 7
6 7
8 9
8 10
9 11
13 15
14 16
15 17
16 17
18 19
18 20
19 20
21 22
21 23
22 24
23 25
25 26
26 27
26 28
27 29
28 29
30 31
30 32
31 33
32 33
34 35
34 36
35 37
40 41
40 42
41 43
42 43
44 45
44 46
45 47
46 48
47 49
48 50
49 51
50 52
54 55
56 57
56 58
57 58
59 60
59 61
60 62
61 62
63 64
63 65
64 65
66 67
66 68
67 69
68 70
69 70
71 72
74 76
75 77
76 78
77 79
78 80
79 81
80 82
81 83
82 84
83 85
84 86
85 87
86 88
87 89
88 90
89 91
90 92
91 93
92 94
93 94
95 96
95 97
96 98
97 99
