5
13
35
69
65
62
100
0 1
0 26
1 4
1 5
1 15
1 18
1 19
1 21
1 22
1 26
1 30
1 36
1 40
1 42
1 51
1 53
1 55
1 56
1 58
1 59
1 67
1 72
10 26
14 79
17 75
20 7
26 2
26 5
26 16
26 21
26 24
26 42
26 52
26 68
27 75
27 79
36 7
36 75
37 7
37 52
37 79
44 7
44 75
51 79
60 52
64 52
64 75
66 79
73 52
4 52
4 79
5 7
5 75
7 2
7 11
7 18
7 19
7 34
7 46
7 47
7 54
7 67
7 68
7 74
7 79
30 79
42 75
52 3
52 16
52 23
52 25
52 29
52 41
52 46
52 47
52 59
52 78
56 75
67 75
11 79
31 75
32 75
63 79
74 75
23 75
28 79
33 79
41 79
47 79
54 79
12 75
24 79
25 75
46 75
68 75
79 8
79 34
79 71
79 78
6 75
