5
12
13
71
72
73
100
0 74
1 23
1 74
2 23
2 74
3 74
4 74
5 74
6 23
6 74
7 23
7 74
8 74
9 74
10 23
10 74
11 74
14 23
14 74
15 74
16 23
16 74
17 23
17 74
18 74
19 23
19 74
20 74
21 74
22 74
23 26
23 27
23 29
23 30
23 33
23 34
23 36
23 37
23 42
23 46
23 47
23 48
23 49
23 53
23 56
23 58
23 59
23 60
23 62
23 64
23 65
23 67
23 68
24 74
25 74
26 74
27 74
28 74
29 74
30 74
31 74
32 74
33 74
34 74
35 74
36 74
37 74
38 74
39 74
40 74
41 74
42 74
43 74
44 74
45 74
46 74
47 74
48 74
49 74
50 74
51 74
52 74
53 74
54 74
55 74
56 74
57 74
58 74
59 74
60 74
61 74
62 74
63 74
64 74
65 74
66 74
67 74
68 74
69 74
70 74
