5
58
67
83
34
73
100
0 8
7 52
7 70
8 11
8 16
8 35
8 46
8 65
26 5
26 15
26 60
39 55
42 25
44 4
44 25
69 15
69 25
69 75
1 54
5 27
5 32
5 36
5 50
5 52
5 55
5 65
5 84
54 25
54 84
64 9
64 10
64 13
64 15
64 40
64 45
64 51
2 4
2 15
2 17
4 12
15 16
15 18
15 19
15 25
15 28
15 48
15 65
15 86
16 25
17 10
17 45
17 66
29 48
31 48
36 84
37 70
11 59
11 82
12 75
84 28
84 46
84 61
27 52
32 48
52 20
52 43
52 46
55 18
65 68
70 25
70 59
10 59
18 60
21 48
21 68
41 82
82 25
82 40
82 62
82 74
82 87
9 63
63 30
63 76
87 68
19 25
19 48
59 53
59 62
59 76
40 25
75 38
53 25
53 48
25 30
25 48
25 81
74 68
68 33
68 81
